{"/app/app.js": {"path":"/app/app.js","statementMap":{"0":{"start":{"line":19,"column":12},"end":{"line":19,"column":21}},"1":{"start":{"line":21,"column":0},"end":{"line":30,"column":2}},"2":{"start":{"line":25,"column":6},"end":{"line":25,"column":55}},"3":{"start":{"line":25,"column":40},"end":{"line":25,"column":55}},"4":{"start":{"line":26,"column":6},"end":{"line":26,"column":47}},"5":{"start":{"line":26,"column":33},"end":{"line":26,"column":47}},"6":{"start":{"line":27,"column":6},"end":{"line":27,"column":20}},"7":{"start":{"line":32,"column":0},"end":{"line":32,"column":16}},"8":{"start":{"line":33,"column":0},"end":{"line":33,"column":38}},"9":{"start":{"line":34,"column":0},"end":{"line":34,"column":48}},"10":{"start":{"line":36,"column":0},"end":{"line":43,"column":3}},"11":{"start":{"line":37,"column":2},"end":{"line":42,"column":5}},"12":{"start":{"line":46,"column":0},"end":{"line":46,"column":31}},"13":{"start":{"line":47,"column":0},"end":{"line":47,"column":28}},"14":{"start":{"line":48,"column":0},"end":{"line":48,"column":28}},"15":{"start":{"line":49,"column":0},"end":{"line":49,"column":27}},"16":{"start":{"line":50,"column":0},"end":{"line":50,"column":34}},"17":{"start":{"line":51,"column":0},"end":{"line":51,"column":38}},"18":{"start":{"line":52,"column":0},"end":{"line":52,"column":39}},"19":{"start":{"line":53,"column":0},"end":{"line":53,"column":41}}},"fnMap":{"0":{"name":"(anonymous_0)","decl":{"start":{"line":24,"column":20},"end":{"line":24,"column":21}},"loc":{"start":{"line":24,"column":40},"end":{"line":28,"column":5}},"line":24},"1":{"name":"(anonymous_1)","decl":{"start":{"line":36,"column":19},"end":{"line":36,"column":20}},"loc":{"start":{"line":36,"column":33},"end":{"line":43,"column":1}},"line":36}},"branchMap":{"0":{"loc":{"start":{"line":25,"column":6},"end":{"line":25,"column":55}},"type":"if","locations":[{"start":{"line":25,"column":6},"end":{"line":25,"column":55}},{"start":{},"end":{}}],"line":25},"1":{"loc":{"start":{"line":25,"column":10},"end":{"line":25,"column":38}},"type":"binary-expr","locations":[{"start":{"line":25,"column":10},"end":{"line":25,"column":31}},{"start":{"line":25,"column":35},"end":{"line":25,"column":38}}],"line":25},"2":{"loc":{"start":{"line":26,"column":6},"end":{"line":26,"column":47}},"type":"if","locations":[{"start":{"line":26,"column":6},"end":{"line":26,"column":47}},{"start":{},"end":{}}],"line":26}},"s":{"0":0,"1":0,"2":0,"3":0,"4":0,"5":0,"6":0,"7":0,"8":0,"9":0,"10":0,"11":0,"12":0,"13":0,"14":0,"15":0,"16":0,"17":0,"18":0,"19":0},"f":{"0":0,"1":0},"b":{"0":[0,0],"1":[0,0],"2":[0,0]}}
,"/app/config/db.js": {"path":"/app/config/db.js","statementMap":{"0":{"start":{"line":7,"column":0},"end":{"line":7,"column":34}},"1":{"start":{"line":11,"column":16},"end":{"line":11,"column":29}},"2":{"start":{"line":13,"column":4},"end":{"line":28,"column":5}},"3":{"start":{"line":15,"column":8},"end":{"line":20,"column":11}},"4":{"start":{"line":22,"column":8},"end":{"line":22,"column":55}},"5":{"start":{"line":26,"column":8},"end":{"line":26,"column":61}},"6":{"start":{"line":27,"column":8},"end":{"line":27,"column":20}},"7":{"start":{"line":30,"column":4},"end":{"line":32,"column":7}},"8":{"start":{"line":31,"column":8},"end":{"line":31,"column":60}},"9":{"start":{"line":34,"column":4},"end":{"line":36,"column":7}},"10":{"start":{"line":35,"column":8},"end":{"line":35,"column":44}},"11":{"start":{"line":42,"column":4},"end":{"line":42,"column":38}},"12":{"start":{"line":43,"column":4},"end":{"line":43,"column":40}}},"fnMap":{"0":{"name":"connectDB","decl":{"start":{"line":9,"column":22},"end":{"line":9,"column":31}},"loc":{"start":{"line":9,"column":34},"end":{"line":38,"column":1}},"line":9},"1":{"name":"(anonymous_1)","decl":{"start":{"line":30,"column":36},"end":{"line":30,"column":37}},"loc":{"start":{"line":30,"column":47},"end":{"line":32,"column":5}},"line":30},"2":{"name":"(anonymous_2)","decl":{"start":{"line":34,"column":43},"end":{"line":34,"column":44}},"loc":{"start":{"line":34,"column":49},"end":{"line":36,"column":5}},"line":34},"3":{"name":"disconnectedDB","decl":{"start":{"line":41,"column":22},"end":{"line":41,"column":36}},"loc":{"start":{"line":41,"column":39},"end":{"line":44,"column":1}},"line":41}},"branchMap":{},"s":{"0":0,"1":0,"2":0,"3":0,"4":0,"5":0,"6":0,"7":0,"8":0,"9":0,"10":0,"11":0,"12":0},"f":{"0":0,"1":0,"2":0,"3":0},"b":{}}
,"/app/config/env.js": {"path":"/app/config/env.js","statementMap":{"0":{"start":{"line":5,"column":0},"end":{"line":5,"column":16}},"1":{"start":{"line":8,"column":17},"end":{"line":19,"column":1}},"2":{"start":{"line":10,"column":16},"end":{"line":10,"column":44}},"3":{"start":{"line":12,"column":4},"end":{"line":15,"column":5}},"4":{"start":{"line":14,"column":8},"end":{"line":14,"column":64}},"5":{"start":{"line":17,"column":4},"end":{"line":17,"column":15}},"6":{"start":{"line":21,"column":19},"end":{"line":27,"column":1}}},"fnMap":{"0":{"name":"(anonymous_0)","decl":{"start":{"line":8,"column":17},"end":{"line":8,"column":18}},"loc":{"start":{"line":8,"column":48},"end":{"line":19,"column":1}},"line":8}},"branchMap":{"0":{"loc":{"start":{"line":8,"column":23},"end":{"line":8,"column":43}},"type":"default-arg","locations":[{"start":{"line":8,"column":34},"end":{"line":8,"column":43}}],"line":8},"1":{"loc":{"start":{"line":10,"column":16},"end":{"line":10,"column":44}},"type":"binary-expr","locations":[{"start":{"line":10,"column":16},"end":{"line":10,"column":32}},{"start":{"line":10,"column":36},"end":{"line":10,"column":44}}],"line":10},"2":{"loc":{"start":{"line":12,"column":4},"end":{"line":15,"column":5}},"type":"if","locations":[{"start":{"line":12,"column":4},"end":{"line":15,"column":5}},{"start":{},"end":{}}],"line":12},"3":{"loc":{"start":{"line":12,"column":7},"end":{"line":12,"column":36}},"type":"binary-expr","locations":[{"start":{"line":12,"column":7},"end":{"line":12,"column":23}},{"start":{"line":12,"column":27},"end":{"line":12,"column":36}}],"line":12},"4":{"loc":{"start":{"line":22,"column":14},"end":{"line":22,"column":51}},"type":"binary-expr","locations":[{"start":{"line":22,"column":14},"end":{"line":22,"column":34}},{"start":{"line":22,"column":38},"end":{"line":22,"column":51}}],"line":22},"5":{"loc":{"start":{"line":23,"column":19},"end":{"line":23,"column":45}},"type":"binary-expr","locations":[{"start":{"line":23,"column":19},"end":{"line":23,"column":35}},{"start":{"line":23,"column":39},"end":{"line":23,"column":45}}],"line":23},"6":{"loc":{"start":{"line":25,"column":15},"end":{"line":25,"column":46}},"type":"binary-expr","locations":[{"start":{"line":25,"column":15},"end":{"line":25,"column":36}},{"start":{"line":25,"column":40},"end":{"line":25,"column":46}}],"line":25},"7":{"loc":{"start":{"line":26,"column":14},"end":{"line":26,"column":49}},"type":"binary-expr","locations":[{"start":{"line":26,"column":14},"end":{"line":26,"column":34}},{"start":{"line":26,"column":38},"end":{"line":26,"column":49}}],"line":26}},"s":{"0":0,"1":0,"2":0,"3":0,"4":0,"5":0,"6":0},"f":{"0":0},"b":{"0":[0],"1":[0,0],"2":[0,0],"3":[0,0],"4":[0,0],"5":[0,0],"6":[0,0],"7":[0,0]}}
,"/app/config/logger.js": {"path":"/app/config/logger.js","statementMap":{"0":{"start":{"line":5,"column":14},"end":{"line":5,"column":43}},"1":{"start":{"line":7,"column":22},"end":{"line":20,"column":2}}},"fnMap":{},"branchMap":{"0":{"loc":{"start":{"line":10,"column":13},"end":{"line":19,"column":15}},"type":"cond-expr","locations":[{"start":{"line":11,"column":6},"end":{"line":18,"column":7}},{"start":{"line":19,"column":6},"end":{"line":19,"column":15}}],"line":10}},"s":{"0":0,"1":0},"f":{},"b":{"0":[0,0]}}
,"/app/modules/project/controller/completeArchive.controller.js": {"path":"/app/modules/project/controller/completeArchive.controller.js","statementMap":{"0":{"start":{"line":4,"column":31},"end":{"line":19,"column":1}},"1":{"start":{"line":5,"column":2},"end":{"line":18,"column":3}},"2":{"start":{"line":6,"column":19},"end":{"line":6,"column":29}},"3":{"start":{"line":7,"column":27},"end":{"line":11,"column":5}},"4":{"start":{"line":12,"column":4},"end":{"line":14,"column":5}},"5":{"start":{"line":13,"column":6},"end":{"line":13,"column":68}},"6":{"start":{"line":15,"column":4},"end":{"line":15,"column":29}},"7":{"start":{"line":17,"column":4},"end":{"line":17,"column":98}},"8":{"start":{"line":22,"column":30},"end":{"line":37,"column":1}},"9":{"start":{"line":23,"column":2},"end":{"line":36,"column":3}},"10":{"start":{"line":24,"column":19},"end":{"line":24,"column":29}},"11":{"start":{"line":25,"column":27},"end":{"line":29,"column":5}},"12":{"start":{"line":30,"column":4},"end":{"line":32,"column":5}},"13":{"start":{"line":31,"column":6},"end":{"line":31,"column":68}},"14":{"start":{"line":33,"column":4},"end":{"line":33,"column":29}},"15":{"start":{"line":35,"column":4},"end":{"line":35,"column":87}}},"fnMap":{"0":{"name":"(anonymous_0)","decl":{"start":{"line":4,"column":31},"end":{"line":4,"column":32}},"loc":{"start":{"line":4,"column":51},"end":{"line":19,"column":1}},"line":4},"1":{"name":"(anonymous_1)","decl":{"start":{"line":22,"column":30},"end":{"line":22,"column":31}},"loc":{"start":{"line":22,"column":50},"end":{"line":37,"column":1}},"line":22}},"branchMap":{"0":{"loc":{"start":{"line":12,"column":4},"end":{"line":14,"column":5}},"type":"if","locations":[{"start":{"line":12,"column":4},"end":{"line":14,"column":5}},{"start":{},"end":{}}],"line":12},"1":{"loc":{"start":{"line":30,"column":4},"end":{"line":32,"column":5}},"type":"if","locations":[{"start":{"line":30,"column":4},"end":{"line":32,"column":5}},{"start":{},"end":{}}],"line":30}},"s":{"0":0,"1":0,"2":0,"3":0,"4":0,"5":0,"6":0,"7":0,"8":0,"9":0,"10":0,"11":0,"12":0,"13":0,"14":0,"15":0},"f":{"0":0,"1":0},"b":{"0":[0,0],"1":[0,0]}}
,"/app/modules/project/controller/downloadReport.controller.js": {"path":"/app/modules/project/controller/downloadReport.controller.js","statementMap":{"0":{"start":{"line":6,"column":40},"end":{"line":43,"column":1}},"1":{"start":{"line":8,"column":2},"end":{"line":41,"column":3}},"2":{"start":{"line":10,"column":36},"end":{"line":10,"column":46}},"3":{"start":{"line":11,"column":19},"end":{"line":11,"column":74}},"4":{"start":{"line":13,"column":4},"end":{"line":15,"column":5}},"5":{"start":{"line":14,"column":6},"end":{"line":14,"column":81}},"6":{"start":{"line":18,"column":21},"end":{"line":18,"column":42}},"7":{"start":{"line":21,"column":4},"end":{"line":36,"column":5}},"8":{"start":{"line":23,"column":6},"end":{"line":23,"column":36}},"9":{"start":{"line":27,"column":27},"end":{"line":27,"column":49}},"10":{"start":{"line":29,"column":6},"end":{"line":33,"column":7}},"11":{"start":{"line":31,"column":8},"end":{"line":31,"column":77}},"12":{"start":{"line":35,"column":6},"end":{"line":35,"column":33}},"13":{"start":{"line":39,"column":4},"end":{"line":39,"column":88}}},"fnMap":{"0":{"name":"(anonymous_0)","decl":{"start":{"line":6,"column":40},"end":{"line":6,"column":41}},"loc":{"start":{"line":6,"column":60},"end":{"line":43,"column":1}},"line":6}},"branchMap":{"0":{"loc":{"start":{"line":13,"column":4},"end":{"line":15,"column":5}},"type":"if","locations":[{"start":{"line":13,"column":4},"end":{"line":15,"column":5}},{"start":{},"end":{}}],"line":13},"1":{"loc":{"start":{"line":13,"column":8},"end":{"line":13,"column":73}},"type":"binary-expr","locations":[{"start":{"line":13,"column":8},"end":{"line":13,"column":15}},{"start":{"line":13,"column":19},"end":{"line":13,"column":38}},{"start":{"line":13,"column":42},"end":{"line":13,"column":73}}],"line":13},"2":{"loc":{"start":{"line":21,"column":4},"end":{"line":36,"column":5}},"type":"if","locations":[{"start":{"line":21,"column":4},"end":{"line":36,"column":5}},{"start":{"line":25,"column":11},"end":{"line":36,"column":5}}],"line":21},"3":{"loc":{"start":{"line":29,"column":6},"end":{"line":33,"column":7}},"type":"if","locations":[{"start":{"line":29,"column":6},"end":{"line":33,"column":7}},{"start":{},"end":{}}],"line":29}},"s":{"0":0,"1":0,"2":0,"3":0,"4":0,"5":0,"6":0,"7":0,"8":0,"9":0,"10":0,"11":0,"12":0,"13":0},"f":{"0":0},"b":{"0":[0,0],"1":[0,0,0],"2":[0,0],"3":[0,0]}}
,"/app/modules/project/controller/kpi.controller.js": {"path":"/app/modules/project/controller/kpi.controller.js","statementMap":{"0":{"start":{"line":6,"column":34},"end":{"line":23,"column":1}},"1":{"start":{"line":7,"column":2},"end":{"line":22,"column":3}},"2":{"start":{"line":8,"column":19},"end":{"line":8,"column":29}},"3":{"start":{"line":9,"column":18},"end":{"line":9,"column":52}},"4":{"start":{"line":10,"column":4},"end":{"line":10,"column":61}},"5":{"start":{"line":10,"column":28},"end":{"line":10,"column":61}},"6":{"start":{"line":11,"column":18},"end":{"line":11,"column":30}},"7":{"start":{"line":12,"column":22},"end":{"line":12,"column":67}},"8":{"start":{"line":12,"column":40},"end":{"line":12,"column":59}},"9":{"start":{"line":13,"column":24},"end":{"line":13,"column":94}},"10":{"start":{"line":13,"column":49},"end":{"line":13,"column":82}},"11":{"start":{"line":14,"column":4},"end":{"line":19,"column":7}},"12":{"start":{"line":21,"column":4},"end":{"line":21,"column":98}},"13":{"start":{"line":26,"column":31},"end":{"line":41,"column":1}},"14":{"start":{"line":27,"column":2},"end":{"line":40,"column":3}},"15":{"start":{"line":28,"column":19},"end":{"line":28,"column":29}},"16":{"start":{"line":29,"column":17},"end":{"line":29,"column":40}},"17":{"start":{"line":30,"column":4},"end":{"line":30,"column":74}},"18":{"start":{"line":30,"column":15},"end":{"line":30,"column":74}},"19":{"start":{"line":31,"column":20},"end":{"line":36,"column":7}},"20":{"start":{"line":31,"column":43},"end":{"line":36,"column":5}},"21":{"start":{"line":37,"column":4},"end":{"line":37,"column":69}},"22":{"start":{"line":39,"column":4},"end":{"line":39,"column":91}},"23":{"start":{"line":44,"column":40},"end":{"line":60,"column":1}},"24":{"start":{"line":45,"column":2},"end":{"line":59,"column":3}},"25":{"start":{"line":46,"column":26},"end":{"line":46,"column":36}},"26":{"start":{"line":47,"column":18},"end":{"line":47,"column":64}},"27":{"start":{"line":48,"column":4},"end":{"line":48,"column":70}},"28":{"start":{"line":48,"column":28},"end":{"line":48,"column":70}},"29":{"start":{"line":49,"column":20},"end":{"line":54,"column":24}},"30":{"start":{"line":50,"column":6},"end":{"line":52,"column":7}},"31":{"start":{"line":51,"column":8},"end":{"line":51,"column":51}},"32":{"start":{"line":53,"column":6},"end":{"line":53,"column":17}},"33":{"start":{"line":56,"column":4},"end":{"line":56,"column":85}},"34":{"start":{"line":58,"column":4},"end":{"line":58,"column":105}}},"fnMap":{"0":{"name":"(anonymous_0)","decl":{"start":{"line":6,"column":34},"end":{"line":6,"column":35}},"loc":{"start":{"line":6,"column":54},"end":{"line":23,"column":1}},"line":6},"1":{"name":"(anonymous_1)","decl":{"start":{"line":12,"column":35},"end":{"line":12,"column":36}},"loc":{"start":{"line":12,"column":40},"end":{"line":12,"column":59}},"line":12},"2":{"name":"(anonymous_2)","decl":{"start":{"line":13,"column":37},"end":{"line":13,"column":38}},"loc":{"start":{"line":13,"column":49},"end":{"line":13,"column":82}},"line":13},"3":{"name":"(anonymous_3)","decl":{"start":{"line":26,"column":31},"end":{"line":26,"column":32}},"loc":{"start":{"line":26,"column":51},"end":{"line":41,"column":1}},"line":26},"4":{"name":"(anonymous_4)","decl":{"start":{"line":31,"column":37},"end":{"line":31,"column":38}},"loc":{"start":{"line":31,"column":43},"end":{"line":36,"column":5}},"line":31},"5":{"name":"(anonymous_5)","decl":{"start":{"line":44,"column":40},"end":{"line":44,"column":41}},"loc":{"start":{"line":44,"column":60},"end":{"line":60,"column":1}},"line":44},"6":{"name":"(anonymous_6)","decl":{"start":{"line":49,"column":33},"end":{"line":49,"column":34}},"loc":{"start":{"line":49,"column":45},"end":{"line":54,"column":5}},"line":49}},"branchMap":{"0":{"loc":{"start":{"line":10,"column":4},"end":{"line":10,"column":61}},"type":"if","locations":[{"start":{"line":10,"column":4},"end":{"line":10,"column":61}},{"start":{},"end":{}}],"line":10},"1":{"loc":{"start":{"line":13,"column":56},"end":{"line":13,"column":81}},"type":"binary-expr","locations":[{"start":{"line":13,"column":56},"end":{"line":13,"column":76}},{"start":{"line":13,"column":80},"end":{"line":13,"column":81}}],"line":13},"2":{"loc":{"start":{"line":30,"column":4},"end":{"line":30,"column":74}},"type":"if","locations":[{"start":{"line":30,"column":4},"end":{"line":30,"column":74}},{"start":{},"end":{}}],"line":30},"3":{"loc":{"start":{"line":48,"column":4},"end":{"line":48,"column":70}},"type":"if","locations":[{"start":{"line":48,"column":4},"end":{"line":48,"column":70}},{"start":{},"end":{}}],"line":48},"4":{"loc":{"start":{"line":50,"column":6},"end":{"line":52,"column":7}},"type":"if","locations":[{"start":{"line":50,"column":6},"end":{"line":52,"column":7}},{"start":{},"end":{}}],"line":50},"5":{"loc":{"start":{"line":50,"column":10},"end":{"line":50,"column":38}},"type":"binary-expr","locations":[{"start":{"line":50,"column":10},"end":{"line":50,"column":23}},{"start":{"line":50,"column":27},"end":{"line":50,"column":38}}],"line":50}},"s":{"0":0,"1":0,"2":0,"3":0,"4":0,"5":0,"6":0,"7":0,"8":0,"9":0,"10":0,"11":0,"12":0,"13":0,"14":0,"15":0,"16":0,"17":0,"18":0,"19":0,"20":0,"21":0,"22":0,"23":0,"24":0,"25":0,"26":0,"27":0,"28":0,"29":0,"30":0,"31":0,"32":0,"33":0,"34":0},"f":{"0":0,"1":0,"2":0,"3":0,"4":0,"5":0,"6":0},"b":{"0":[0,0],"1":[0,0],"2":[0,0],"3":[0,0],"4":[0,0],"5":[0,0]}}
,"/app/modules/project/controller/milestoneTimeline.controller.js": {"path":"/app/modules/project/controller/milestoneTimeline.controller.js","statementMap":{"0":{"start":{"line":4,"column":39},"end":{"line":20,"column":1}},"1":{"start":{"line":5,"column":2},"end":{"line":19,"column":3}},"2":{"start":{"line":6,"column":19},"end":{"line":6,"column":29}},"3":{"start":{"line":7,"column":27},"end":{"line":7,"column":35}},"4":{"start":{"line":8,"column":27},"end":{"line":12,"column":28}},"5":{"start":{"line":13,"column":4},"end":{"line":15,"column":5}},"6":{"start":{"line":14,"column":6},"end":{"line":14,"column":68}},"7":{"start":{"line":16,"column":4},"end":{"line":16,"column":29}},"8":{"start":{"line":18,"column":4},"end":{"line":18,"column":89}},"9":{"start":{"line":23,"column":37},"end":{"line":39,"column":1}},"10":{"start":{"line":24,"column":2},"end":{"line":38,"column":3}},"11":{"start":{"line":25,"column":19},"end":{"line":25,"column":29}},"12":{"start":{"line":26,"column":25},"end":{"line":26,"column":33}},"13":{"start":{"line":27,"column":27},"end":{"line":31,"column":5}},"14":{"start":{"line":32,"column":4},"end":{"line":34,"column":5}},"15":{"start":{"line":33,"column":6},"end":{"line":33,"column":68}},"16":{"start":{"line":35,"column":4},"end":{"line":35,"column":29}},"17":{"start":{"line":37,"column":4},"end":{"line":37,"column":87}}},"fnMap":{"0":{"name":"(anonymous_0)","decl":{"start":{"line":4,"column":39},"end":{"line":4,"column":40}},"loc":{"start":{"line":4,"column":59},"end":{"line":20,"column":1}},"line":4},"1":{"name":"(anonymous_1)","decl":{"start":{"line":23,"column":37},"end":{"line":23,"column":38}},"loc":{"start":{"line":23,"column":57},"end":{"line":39,"column":1}},"line":23}},"branchMap":{"0":{"loc":{"start":{"line":13,"column":4},"end":{"line":15,"column":5}},"type":"if","locations":[{"start":{"line":13,"column":4},"end":{"line":15,"column":5}},{"start":{},"end":{}}],"line":13},"1":{"loc":{"start":{"line":32,"column":4},"end":{"line":34,"column":5}},"type":"if","locations":[{"start":{"line":32,"column":4},"end":{"line":34,"column":5}},{"start":{},"end":{}}],"line":32}},"s":{"0":0,"1":0,"2":0,"3":0,"4":0,"5":0,"6":0,"7":0,"8":0,"9":0,"10":0,"11":0,"12":0,"13":0,"14":0,"15":0,"16":0,"17":0},"f":{"0":0,"1":0},"b":{"0":[0,0],"1":[0,0]}}
,"/app/modules/project/controller/project.controller.js": {"path":"/app/modules/project/controller/project.controller.js","statementMap":{"0":{"start":{"line":4,"column":29},"end":{"line":38,"column":1}},"1":{"start":{"line":7,"column":4},"end":{"line":36,"column":5}},"2":{"start":{"line":9,"column":56},"end":{"line":9,"column":64}},"3":{"start":{"line":12,"column":30},"end":{"line":12,"column":66}},"4":{"start":{"line":13,"column":21},"end":{"line":13,"column":30}},"5":{"start":{"line":14,"column":29},"end":{"line":14,"column":33}},"6":{"start":{"line":16,"column":8},"end":{"line":19,"column":9}},"7":{"start":{"line":17,"column":12},"end":{"line":17,"column":30}},"8":{"start":{"line":18,"column":12},"end":{"line":18,"column":47}},"9":{"start":{"line":21,"column":27},"end":{"line":29,"column":10}},"10":{"start":{"line":31,"column":8},"end":{"line":31,"column":32}},"11":{"start":{"line":32,"column":8},"end":{"line":32,"column":41}},"12":{"start":{"line":35,"column":8},"end":{"line":35,"column":90}},"13":{"start":{"line":40,"column":27},"end":{"line":53,"column":1}},"14":{"start":{"line":42,"column":4},"end":{"line":51,"column":5}},"15":{"start":{"line":44,"column":25},"end":{"line":44,"column":109}},"16":{"start":{"line":45,"column":8},"end":{"line":45,"column":27}},"17":{"start":{"line":49,"column":8},"end":{"line":49,"column":94}},"18":{"start":{"line":55,"column":30},"end":{"line":73,"column":1}},"19":{"start":{"line":57,"column":4},"end":{"line":71,"column":5}},"20":{"start":{"line":59,"column":22},"end":{"line":59,"column":32}},"21":{"start":{"line":60,"column":24},"end":{"line":60,"column":114}},"22":{"start":{"line":61,"column":8},"end":{"line":63,"column":9}},"23":{"start":{"line":62,"column":12},"end":{"line":62,"column":74}},"24":{"start":{"line":65,"column":8},"end":{"line":65,"column":26}},"25":{"start":{"line":69,"column":8},"end":{"line":69,"column":95}},"26":{"start":{"line":75,"column":29},"end":{"line":100,"column":1}},"27":{"start":{"line":77,"column":4},"end":{"line":98,"column":5}},"28":{"start":{"line":79,"column":22},"end":{"line":79,"column":32}},"29":{"start":{"line":80,"column":27},"end":{"line":80,"column":35}},"30":{"start":{"line":82,"column":8},"end":{"line":86,"column":9}},"31":{"start":{"line":83,"column":12},"end":{"line":83,"column":41}},"32":{"start":{"line":85,"column":12},"end":{"line":85,"column":42}},"33":{"start":{"line":88,"column":31},"end":{"line":88,"column":93}},"34":{"start":{"line":89,"column":8},"end":{"line":91,"column":9}},"35":{"start":{"line":90,"column":12},"end":{"line":90,"column":74}},"36":{"start":{"line":92,"column":8},"end":{"line":92,"column":33}},"37":{"start":{"line":96,"column":8},"end":{"line":96,"column":90}},"38":{"start":{"line":102,"column":29},"end":{"line":122,"column":1}},"39":{"start":{"line":104,"column":4},"end":{"line":119,"column":5}},"40":{"start":{"line":106,"column":23},"end":{"line":106,"column":33}},"41":{"start":{"line":107,"column":30},"end":{"line":107,"column":65}},"42":{"start":{"line":109,"column":8},"end":{"line":111,"column":9}},"43":{"start":{"line":110,"column":12},"end":{"line":110,"column":74}},"44":{"start":{"line":113,"column":8},"end":{"line":113,"column":62}},"45":{"start":{"line":118,"column":8},"end":{"line":118,"column":90}}},"fnMap":{"0":{"name":"(anonymous_0)","decl":{"start":{"line":4,"column":29},"end":{"line":4,"column":30}},"loc":{"start":{"line":4,"column":49},"end":{"line":38,"column":1}},"line":4},"1":{"name":"(anonymous_1)","decl":{"start":{"line":40,"column":27},"end":{"line":40,"column":28}},"loc":{"start":{"line":40,"column":47},"end":{"line":53,"column":1}},"line":40},"2":{"name":"(anonymous_2)","decl":{"start":{"line":55,"column":30},"end":{"line":55,"column":31}},"loc":{"start":{"line":55,"column":50},"end":{"line":73,"column":1}},"line":55},"3":{"name":"(anonymous_3)","decl":{"start":{"line":75,"column":29},"end":{"line":75,"column":30}},"loc":{"start":{"line":75,"column":49},"end":{"line":100,"column":1}},"line":75},"4":{"name":"(anonymous_4)","decl":{"start":{"line":102,"column":29},"end":{"line":102,"column":30}},"loc":{"start":{"line":102,"column":49},"end":{"line":122,"column":1}},"line":102}},"branchMap":{"0":{"loc":{"start":{"line":16,"column":8},"end":{"line":19,"column":9}},"type":"if","locations":[{"start":{"line":16,"column":8},"end":{"line":19,"column":9}},{"start":{},"end":{}}],"line":16},"1":{"loc":{"start":{"line":61,"column":8},"end":{"line":63,"column":9}},"type":"if","locations":[{"start":{"line":61,"column":8},"end":{"line":63,"column":9}},{"start":{},"end":{}}],"line":61},"2":{"loc":{"start":{"line":82,"column":8},"end":{"line":86,"column":9}},"type":"if","locations":[{"start":{"line":82,"column":8},"end":{"line":86,"column":9}},{"start":{"line":84,"column":13},"end":{"line":86,"column":9}}],"line":82},"3":{"loc":{"start":{"line":89,"column":8},"end":{"line":91,"column":9}},"type":"if","locations":[{"start":{"line":89,"column":8},"end":{"line":91,"column":9}},{"start":{},"end":{}}],"line":89},"4":{"loc":{"start":{"line":109,"column":8},"end":{"line":111,"column":9}},"type":"if","locations":[{"start":{"line":109,"column":8},"end":{"line":111,"column":9}},{"start":{},"end":{}}],"line":109}},"s":{"0":0,"1":0,"2":0,"3":0,"4":0,"5":0,"6":0,"7":0,"8":0,"9":0,"10":0,"11":0,"12":0,"13":0,"14":0,"15":0,"16":0,"17":0,"18":0,"19":0,"20":0,"21":0,"22":0,"23":0,"24":0,"25":0,"26":0,"27":0,"28":0,"29":0,"30":0,"31":0,"32":0,"33":0,"34":0,"35":0,"36":0,"37":0,"38":0,"39":0,"40":0,"41":0,"42":0,"43":0,"44":0,"45":0},"f":{"0":0,"1":0,"2":0,"3":0,"4":0},"b":{"0":[0,0],"1":[0,0],"2":[0,0],"3":[0,0],"4":[0,0]}}
,"/app/modules/project/controller/task.controller.js": {"path":"/app/modules/project/controller/task.controller.js","statementMap":{"0":{"start":{"line":8,"column":26},"end":{"line":16,"column":1}},"1":{"start":{"line":9,"column":2},"end":{"line":15,"column":3}},"2":{"start":{"line":10,"column":21},"end":{"line":10,"column":29}},"3":{"start":{"line":11,"column":20},"end":{"line":11,"column":53}},"4":{"start":{"line":12,"column":4},"end":{"line":12,"column":34}},"5":{"start":{"line":14,"column":4},"end":{"line":14,"column":83}},"6":{"start":{"line":19,"column":33},"end":{"line":27,"column":1}},"7":{"start":{"line":20,"column":2},"end":{"line":26,"column":3}},"8":{"start":{"line":21,"column":26},"end":{"line":21,"column":36}},"9":{"start":{"line":22,"column":18},"end":{"line":22,"column":59}},"10":{"start":{"line":23,"column":4},"end":{"line":23,"column":20}},"11":{"start":{"line":25,"column":4},"end":{"line":25,"column":84}},"12":{"start":{"line":30,"column":32},"end":{"line":42,"column":1}},"13":{"start":{"line":31,"column":2},"end":{"line":41,"column":3}},"14":{"start":{"line":32,"column":19},"end":{"line":32,"column":29}},"15":{"start":{"line":33,"column":43},"end":{"line":33,"column":51}},"16":{"start":{"line":34,"column":24},"end":{"line":34,"column":85}},"17":{"start":{"line":35,"column":4},"end":{"line":37,"column":5}},"18":{"start":{"line":36,"column":6},"end":{"line":36,"column":65}},"19":{"start":{"line":38,"column":4},"end":{"line":38,"column":26}},"20":{"start":{"line":40,"column":4},"end":{"line":40,"column":83}}},"fnMap":{"0":{"name":"(anonymous_0)","decl":{"start":{"line":8,"column":26},"end":{"line":8,"column":27}},"loc":{"start":{"line":8,"column":46},"end":{"line":16,"column":1}},"line":8},"1":{"name":"(anonymous_1)","decl":{"start":{"line":19,"column":33},"end":{"line":19,"column":34}},"loc":{"start":{"line":19,"column":53},"end":{"line":27,"column":1}},"line":19},"2":{"name":"(anonymous_2)","decl":{"start":{"line":30,"column":32},"end":{"line":30,"column":33}},"loc":{"start":{"line":30,"column":52},"end":{"line":42,"column":1}},"line":30}},"branchMap":{"0":{"loc":{"start":{"line":35,"column":4},"end":{"line":37,"column":5}},"type":"if","locations":[{"start":{"line":35,"column":4},"end":{"line":37,"column":5}},{"start":{},"end":{}}],"line":35}},"s":{"0":0,"1":0,"2":0,"3":0,"4":0,"5":0,"6":0,"7":0,"8":0,"9":0,"10":0,"11":0,"12":0,"13":0,"14":0,"15":0,"16":0,"17":0,"18":0,"19":0,"20":0},"f":{"0":0,"1":0,"2":0},"b":{"0":[0,0]}}
,"/app/modules/project/controller/team.controller.js": {"path":"/app/modules/project/controller/team.controller.js","statementMap":{"0":{"start":{"line":10,"column":24},"end":{"line":23,"column":1}},"1":{"start":{"line":12,"column":2},"end":{"line":21,"column":3}},"2":{"start":{"line":14,"column":18},"end":{"line":14,"column":41}},"3":{"start":{"line":15,"column":4},"end":{"line":15,"column":20}},"4":{"start":{"line":19,"column":4},"end":{"line":19,"column":84}},"5":{"start":{"line":26,"column":32},"end":{"line":45,"column":1}},"6":{"start":{"line":28,"column":2},"end":{"line":43,"column":3}},"7":{"start":{"line":29,"column":17},"end":{"line":29,"column":27}},"8":{"start":{"line":30,"column":23},"end":{"line":30,"column":31}},"9":{"start":{"line":32,"column":24},"end":{"line":32,"column":67}},"10":{"start":{"line":34,"column":4},"end":{"line":36,"column":5}},"11":{"start":{"line":35,"column":6},"end":{"line":35,"column":65}},"12":{"start":{"line":38,"column":4},"end":{"line":38,"column":26}},"13":{"start":{"line":41,"column":4},"end":{"line":41,"column":91}},"14":{"start":{"line":48,"column":36},"end":{"line":66,"column":1}},"15":{"start":{"line":50,"column":2},"end":{"line":65,"column":3}},"16":{"start":{"line":51,"column":27},"end":{"line":51,"column":37}},"17":{"start":{"line":52,"column":19},"end":{"line":52,"column":27}},"18":{"start":{"line":54,"column":17},"end":{"line":54,"column":70}},"19":{"start":{"line":55,"column":4},"end":{"line":57,"column":5}},"20":{"start":{"line":56,"column":6},"end":{"line":56,"column":75}},"21":{"start":{"line":59,"column":4},"end":{"line":59,"column":19}},"22":{"start":{"line":63,"column":4},"end":{"line":63,"column":90}},"23":{"start":{"line":69,"column":44},"end":{"line":81,"column":1}},"24":{"start":{"line":70,"column":2},"end":{"line":80,"column":3}},"25":{"start":{"line":71,"column":29},"end":{"line":71,"column":39}},"26":{"start":{"line":72,"column":39},"end":{"line":72,"column":47}},"27":{"start":{"line":73,"column":17},"end":{"line":73,"column":96}},"28":{"start":{"line":74,"column":4},"end":{"line":76,"column":5}},"29":{"start":{"line":75,"column":6},"end":{"line":75,"column":75}},"30":{"start":{"line":77,"column":4},"end":{"line":77,"column":19}},"31":{"start":{"line":79,"column":4},"end":{"line":79,"column":107}}},"fnMap":{"0":{"name":"(anonymous_0)","decl":{"start":{"line":10,"column":24},"end":{"line":10,"column":25}},"loc":{"start":{"line":10,"column":44},"end":{"line":23,"column":1}},"line":10},"1":{"name":"(anonymous_1)","decl":{"start":{"line":26,"column":32},"end":{"line":26,"column":33}},"loc":{"start":{"line":26,"column":52},"end":{"line":45,"column":1}},"line":26},"2":{"name":"(anonymous_2)","decl":{"start":{"line":48,"column":36},"end":{"line":48,"column":37}},"loc":{"start":{"line":48,"column":56},"end":{"line":66,"column":1}},"line":48},"3":{"name":"(anonymous_3)","decl":{"start":{"line":69,"column":44},"end":{"line":69,"column":45}},"loc":{"start":{"line":69,"column":64},"end":{"line":81,"column":1}},"line":69}},"branchMap":{"0":{"loc":{"start":{"line":34,"column":4},"end":{"line":36,"column":5}},"type":"if","locations":[{"start":{"line":34,"column":4},"end":{"line":36,"column":5}},{"start":{},"end":{}}],"line":34},"1":{"loc":{"start":{"line":55,"column":4},"end":{"line":57,"column":5}},"type":"if","locations":[{"start":{"line":55,"column":4},"end":{"line":57,"column":5}},{"start":{},"end":{}}],"line":55},"2":{"loc":{"start":{"line":74,"column":4},"end":{"line":76,"column":5}},"type":"if","locations":[{"start":{"line":74,"column":4},"end":{"line":76,"column":5}},{"start":{},"end":{}}],"line":74}},"s":{"0":0,"1":0,"2":0,"3":0,"4":0,"5":0,"6":0,"7":0,"8":0,"9":0,"10":0,"11":0,"12":0,"13":0,"14":0,"15":0,"16":0,"17":0,"18":0,"19":0,"20":0,"21":0,"22":0,"23":0,"24":0,"25":0,"26":0,"27":0,"28":0,"29":0,"30":0,"31":0},"f":{"0":0,"1":0,"2":0,"3":0},"b":{"0":[0,0],"1":[0,0],"2":[0,0]}}
,"/app/modules/project/controller/viewReport.controller.js": {"path":"/app/modules/project/controller/viewReport.controller.js","statementMap":{"0":{"start":{"line":5,"column":36},"end":{"line":19,"column":1}},"1":{"start":{"line":6,"column":1},"end":{"line":18,"column":2}},"2":{"start":{"line":7,"column":34},"end":{"line":7,"column":44}},"3":{"start":{"line":8,"column":2},"end":{"line":10,"column":3}},"4":{"start":{"line":9,"column":3},"end":{"line":9,"column":80}},"5":{"start":{"line":11,"column":17},"end":{"line":11,"column":93}},"6":{"start":{"line":12,"column":2},"end":{"line":14,"column":3}},"7":{"start":{"line":13,"column":3},"end":{"line":13,"column":76}},"8":{"start":{"line":15,"column":2},"end":{"line":15,"column":19}},"9":{"start":{"line":17,"column":2},"end":{"line":17,"column":74}}},"fnMap":{"0":{"name":"(anonymous_0)","decl":{"start":{"line":5,"column":36},"end":{"line":5,"column":37}},"loc":{"start":{"line":5,"column":56},"end":{"line":19,"column":1}},"line":5}},"branchMap":{"0":{"loc":{"start":{"line":8,"column":2},"end":{"line":10,"column":3}},"type":"if","locations":[{"start":{"line":8,"column":2},"end":{"line":10,"column":3}},{"start":{},"end":{}}],"line":8},"1":{"loc":{"start":{"line":12,"column":2},"end":{"line":14,"column":3}},"type":"if","locations":[{"start":{"line":12,"column":2},"end":{"line":14,"column":3}},{"start":{},"end":{}}],"line":12}},"s":{"0":0,"1":0,"2":0,"3":0,"4":0,"5":0,"6":0,"7":0,"8":0,"9":0},"f":{"0":0},"b":{"0":[0,0],"1":[0,0]}}
,"/app/modules/project/middleware/uploadInspectionReport.js": {"path":"/app/modules/project/middleware/uploadInspectionReport.js","statementMap":{"0":{"start":{"line":5,"column":16},"end":{"line":13,"column":2}},"1":{"start":{"line":7,"column":4},"end":{"line":7,"column":54}},"2":{"start":{"line":10,"column":25},"end":{"line":10,"column":75}},"3":{"start":{"line":11,"column":4},"end":{"line":11,"column":53}},"4":{"start":{"line":15,"column":19},"end":{"line":21,"column":1}},"5":{"start":{"line":16,"column":2},"end":{"line":20,"column":3}},"6":{"start":{"line":17,"column":4},"end":{"line":17,"column":19}},"7":{"start":{"line":19,"column":4},"end":{"line":19,"column":56}},"8":{"start":{"line":23,"column":15},"end":{"line":23,"column":46}}},"fnMap":{"0":{"name":"(anonymous_0)","decl":{"start":{"line":6,"column":15},"end":{"line":6,"column":16}},"loc":{"start":{"line":6,"column":40},"end":{"line":8,"column":3}},"line":6},"1":{"name":"(anonymous_1)","decl":{"start":{"line":9,"column":12},"end":{"line":9,"column":13}},"loc":{"start":{"line":9,"column":37},"end":{"line":12,"column":3}},"line":9},"2":{"name":"(anonymous_2)","decl":{"start":{"line":15,"column":19},"end":{"line":15,"column":20}},"loc":{"start":{"line":15,"column":38},"end":{"line":21,"column":1}},"line":15}},"branchMap":{"0":{"loc":{"start":{"line":16,"column":2},"end":{"line":20,"column":3}},"type":"if","locations":[{"start":{"line":16,"column":2},"end":{"line":20,"column":3}},{"start":{"line":18,"column":9},"end":{"line":20,"column":3}}],"line":16}},"s":{"0":0,"1":0,"2":0,"3":0,"4":0,"5":0,"6":0,"7":0,"8":0},"f":{"0":0,"1":0,"2":0},"b":{"0":[0,0]}}
,"/app/modules/project/model/material.model.js": {"path":"/app/modules/project/model/material.model.js","statementMap":{"0":{"start":{"line":2,"column":19},"end":{"line":2,"column":27}},"1":{"start":{"line":4,"column":34},"end":{"line":8,"column":18}},"2":{"start":{"line":10,"column":30},"end":{"line":14,"column":18}},"3":{"start":{"line":16,"column":30},"end":{"line":23,"column":24}}},"fnMap":{},"branchMap":{},"s":{"0":0,"1":0,"2":0,"3":0},"f":{},"b":{}}
,"/app/modules/project/model/meeting.model.js": {"path":"/app/modules/project/model/meeting.model.js","statementMap":{"0":{"start":{"line":2,"column":19},"end":{"line":2,"column":27}},"1":{"start":{"line":4,"column":22},"end":{"line":10,"column":24}}},"fnMap":{},"branchMap":{},"s":{"0":0,"1":0},"f":{},"b":{}}
,"/app/modules/project/model/milestone.model.js": {"path":"/app/modules/project/model/milestone.model.js","statementMap":{"0":{"start":{"line":2,"column":19},"end":{"line":2,"column":27}},"1":{"start":{"line":4,"column":24},"end":{"line":11,"column":24}}},"fnMap":{},"branchMap":{},"s":{"0":0,"1":0},"f":{},"b":{}}
,"/app/modules/project/model/progressupdate.model.js": {"path":"/app/modules/project/model/progressupdate.model.js","statementMap":{"0":{"start":{"line":2,"column":19},"end":{"line":2,"column":27}},"1":{"start":{"line":4,"column":29},"end":{"line":16,"column":24}}},"fnMap":{},"branchMap":{},"s":{"0":0,"1":0},"f":{},"b":{}}
,"/app/modules/project/model/project.model.js": {"path":"/app/modules/project/model/project.model.js","statementMap":{"0":{"start":{"line":2,"column":19},"end":{"line":2,"column":27}},"1":{"start":{"line":4,"column":22},"end":{"line":23,"column":24}}},"fnMap":{},"branchMap":{},"s":{"0":0,"1":0},"f":{},"b":{}}
,"/app/modules/project/model/task.model.js": {"path":"/app/modules/project/model/task.model.js","statementMap":{"0":{"start":{"line":2,"column":19},"end":{"line":2,"column":27}},"1":{"start":{"line":4,"column":19},"end":{"line":14,"column":24}}},"fnMap":{},"branchMap":{},"s":{"0":0,"1":0},"f":{},"b":{}}
,"/app/modules/project/model/team.model.js": {"path":"/app/modules/project/model/team.model.js","statementMap":{"0":{"start":{"line":2,"column":19},"end":{"line":2,"column":27}},"1":{"start":{"line":4,"column":25},"end":{"line":9,"column":18}},"2":{"start":{"line":11,"column":19},"end":{"line":17,"column":24}}},"fnMap":{},"branchMap":{},"s":{"0":0,"1":0,"2":0},"f":{},"b":{}}
,"/app/modules/project/routes/completeArchive.routes.js": {"path":"/app/modules/project/routes/completeArchive.routes.js","statementMap":{"0":{"start":{"line":4,"column":15},"end":{"line":4,"column":31}},"1":{"start":{"line":7,"column":0},"end":{"line":7,"column":54}},"2":{"start":{"line":10,"column":0},"end":{"line":10,"column":52}}},"fnMap":{},"branchMap":{},"s":{"0":0,"1":0,"2":0},"f":{},"b":{}}
,"/app/modules/project/routes/downloadReport.routes.js": {"path":"/app/modules/project/routes/downloadReport.routes.js","statementMap":{"0":{"start":{"line":4,"column":15},"end":{"line":4,"column":31}},"1":{"start":{"line":7,"column":0},"end":{"line":7,"column":79}}},"fnMap":{},"branchMap":{},"s":{"0":0,"1":0},"f":{},"b":{}}
,"/app/modules/project/routes/kpi.routes.js": {"path":"/app/modules/project/routes/kpi.routes.js","statementMap":{"0":{"start":{"line":8,"column":15},"end":{"line":8,"column":31}},"1":{"start":{"line":11,"column":0},"end":{"line":11,"column":60}},"2":{"start":{"line":14,"column":0},"end":{"line":14,"column":54}},"3":{"start":{"line":17,"column":0},"end":{"line":17,"column":84}}},"fnMap":{},"branchMap":{},"s":{"0":0,"1":0,"2":0,"3":0},"f":{},"b":{}}
,"/app/modules/project/routes/milestoneTimeline.routes.js": {"path":"/app/modules/project/routes/milestoneTimeline.routes.js","statementMap":{"0":{"start":{"line":4,"column":15},"end":{"line":4,"column":31}},"1":{"start":{"line":7,"column":0},"end":{"line":7,"column":64}},"2":{"start":{"line":10,"column":0},"end":{"line":10,"column":60}}},"fnMap":{},"branchMap":{},"s":{"0":0,"1":0,"2":0},"f":{},"b":{}}
,"/app/modules/project/routes/project.routes.js": {"path":"/app/modules/project/routes/project.routes.js","statementMap":{"0":{"start":{"line":10,"column":15},"end":{"line":10,"column":31}},"1":{"start":{"line":13,"column":0},"end":{"line":13,"column":40}},"2":{"start":{"line":16,"column":0},"end":{"line":16,"column":37}},"3":{"start":{"line":19,"column":0},"end":{"line":19,"column":44}},"4":{"start":{"line":22,"column":0},"end":{"line":22,"column":43}},"5":{"start":{"line":25,"column":0},"end":{"line":25,"column":46}}},"fnMap":{},"branchMap":{},"s":{"0":0,"1":0,"2":0,"3":0,"4":0,"5":0},"f":{},"b":{}}
,"/app/modules/project/routes/task.routes.js": {"path":"/app/modules/project/routes/task.routes.js","statementMap":{"0":{"start":{"line":8,"column":15},"end":{"line":8,"column":31}},"1":{"start":{"line":11,"column":0},"end":{"line":11,"column":34}},"2":{"start":{"line":14,"column":0},"end":{"line":14,"column":59}},"3":{"start":{"line":17,"column":0},"end":{"line":17,"column":43}}},"fnMap":{},"branchMap":{},"s":{"0":0,"1":0,"2":0,"3":0},"f":{},"b":{}}
,"/app/modules/project/routes/team.routes.js": {"path":"/app/modules/project/routes/team.routes.js","statementMap":{"0":{"start":{"line":9,"column":15},"end":{"line":9,"column":31}},"1":{"start":{"line":12,"column":0},"end":{"line":12,"column":31}},"2":{"start":{"line":15,"column":0},"end":{"line":15,"column":50}},"3":{"start":{"line":18,"column":0},"end":{"line":18,"column":70}},"4":{"start":{"line":21,"column":0},"end":{"line":21,"column":86}}},"fnMap":{},"branchMap":{},"s":{"0":0,"1":0,"2":0,"3":0,"4":0},"f":{},"b":{}}
,"/app/modules/project/routes/viewReport.routes.js": {"path":"/app/modules/project/routes/viewReport.routes.js","statementMap":{"0":{"start":{"line":4,"column":15},"end":{"line":4,"column":31}},"1":{"start":{"line":6,"column":0},"end":{"line":6,"column":66}}},"fnMap":{},"branchMap":{},"s":{"0":0,"1":0},"f":{},"b":{}}
,"/app/modules/project/service/project.service.js": {"path":"/app/modules/project/service/project.service.js","statementMap":{"0":{"start":{"line":4,"column":29},"end":{"line":26,"column":1}},"1":{"start":{"line":6,"column":24},"end":{"line":6,"column":60}},"2":{"start":{"line":7,"column":15},"end":{"line":7,"column":24}},"3":{"start":{"line":8,"column":23},"end":{"line":8,"column":27}},"4":{"start":{"line":10,"column":2},"end":{"line":13,"column":3}},"5":{"start":{"line":11,"column":4},"end":{"line":11,"column":22}},"6":{"start":{"line":12,"column":4},"end":{"line":12,"column":39}},"7":{"start":{"line":15,"column":21},"end":{"line":21,"column":4}},"8":{"start":{"line":23,"column":2},"end":{"line":23,"column":26}},"9":{"start":{"line":24,"column":2},"end":{"line":24,"column":20}},"10":{"start":{"line":28,"column":34},"end":{"line":30,"column":1}},"11":{"start":{"line":29,"column":2},"end":{"line":29,"column":94}},"12":{"start":{"line":32,"column":37},"end":{"line":34,"column":1}},"13":{"start":{"line":33,"column":2},"end":{"line":33,"column":100}},"14":{"start":{"line":36,"column":36},"end":{"line":43,"column":1}},"15":{"start":{"line":37,"column":2},"end":{"line":41,"column":3}},"16":{"start":{"line":38,"column":4},"end":{"line":38,"column":33}},"17":{"start":{"line":40,"column":4},"end":{"line":40,"column":34}},"18":{"start":{"line":42,"column":2},"end":{"line":42,"column":72}},"19":{"start":{"line":45,"column":36},"end":{"line":47,"column":1}},"20":{"start":{"line":46,"column":2},"end":{"line":46,"column":45}}},"fnMap":{"0":{"name":"(anonymous_0)","decl":{"start":{"line":4,"column":29},"end":{"line":4,"column":30}},"loc":{"start":{"line":4,"column":76},"end":{"line":26,"column":1}},"line":4},"1":{"name":"(anonymous_1)","decl":{"start":{"line":28,"column":34},"end":{"line":28,"column":35}},"loc":{"start":{"line":28,"column":46},"end":{"line":30,"column":1}},"line":28},"2":{"name":"(anonymous_2)","decl":{"start":{"line":32,"column":37},"end":{"line":32,"column":38}},"loc":{"start":{"line":32,"column":51},"end":{"line":34,"column":1}},"line":32},"3":{"name":"(anonymous_3)","decl":{"start":{"line":36,"column":36},"end":{"line":36,"column":37}},"loc":{"start":{"line":36,"column":62},"end":{"line":43,"column":1}},"line":36},"4":{"name":"(anonymous_4)","decl":{"start":{"line":45,"column":36},"end":{"line":45,"column":37}},"loc":{"start":{"line":45,"column":50},"end":{"line":47,"column":1}},"line":45}},"branchMap":{"0":{"loc":{"start":{"line":10,"column":2},"end":{"line":13,"column":3}},"type":"if","locations":[{"start":{"line":10,"column":2},"end":{"line":13,"column":3}},{"start":{},"end":{}}],"line":10},"1":{"loc":{"start":{"line":37,"column":2},"end":{"line":41,"column":3}},"type":"if","locations":[{"start":{"line":37,"column":2},"end":{"line":41,"column":3}},{"start":{"line":39,"column":9},"end":{"line":41,"column":3}}],"line":37}},"s":{"0":0,"1":0,"2":0,"3":0,"4":0,"5":0,"6":0,"7":0,"8":0,"9":0,"10":0,"11":0,"12":0,"13":0,"14":0,"15":0,"16":0,"17":0,"18":0,"19":0,"20":0},"f":{"0":0,"1":0,"2":0,"3":0,"4":0},"b":{"0":[0,0],"1":[0,0]}}
,"/app/modules/project/service/task.service.js": {"path":"/app/modules/project/service/task.service.js","statementMap":{"0":{"start":{"line":5,"column":33},"end":{"line":9,"column":1}},"1":{"start":{"line":6,"column":18},"end":{"line":6,"column":36}},"2":{"start":{"line":7,"column":2},"end":{"line":7,"column":23}},"3":{"start":{"line":8,"column":2},"end":{"line":8,"column":17}},"4":{"start":{"line":12,"column":40},"end":{"line":14,"column":1}},"5":{"start":{"line":13,"column":2},"end":{"line":13,"column":63}},"6":{"start":{"line":17,"column":39},"end":{"line":22,"column":1}},"7":{"start":{"line":18,"column":17},"end":{"line":18,"column":27}},"8":{"start":{"line":19,"column":2},"end":{"line":19,"column":87}},"9":{"start":{"line":19,"column":40},"end":{"line":19,"column":87}},"10":{"start":{"line":20,"column":2},"end":{"line":20,"column":57}},"11":{"start":{"line":20,"column":25},"end":{"line":20,"column":57}},"12":{"start":{"line":21,"column":2},"end":{"line":21,"column":69}}},"fnMap":{"0":{"name":"(anonymous_0)","decl":{"start":{"line":5,"column":33},"end":{"line":5,"column":34}},"loc":{"start":{"line":5,"column":53},"end":{"line":9,"column":1}},"line":5},"1":{"name":"(anonymous_1)","decl":{"start":{"line":12,"column":40},"end":{"line":12,"column":41}},"loc":{"start":{"line":12,"column":61},"end":{"line":14,"column":1}},"line":12},"2":{"name":"(anonymous_2)","decl":{"start":{"line":17,"column":39},"end":{"line":17,"column":40}},"loc":{"start":{"line":17,"column":85},"end":{"line":22,"column":1}},"line":17}},"branchMap":{"0":{"loc":{"start":{"line":19,"column":2},"end":{"line":19,"column":87}},"type":"if","locations":[{"start":{"line":19,"column":2},"end":{"line":19,"column":87}},{"start":{},"end":{}}],"line":19},"1":{"loc":{"start":{"line":20,"column":2},"end":{"line":20,"column":57}},"type":"if","locations":[{"start":{"line":20,"column":2},"end":{"line":20,"column":57}},{"start":{},"end":{}}],"line":20}},"s":{"0":0,"1":0,"2":0,"3":0,"4":0,"5":0,"6":0,"7":0,"8":0,"9":0,"10":0,"11":0,"12":0},"f":{"0":0,"1":0,"2":0},"b":{"0":[0,0],"1":[0,0]}}
,"/app/modules/project/service/team.service.js": {"path":"/app/modules/project/service/team.service.js","statementMap":{"0":{"start":{"line":3,"column":31},"end":{"line":5,"column":1}},"1":{"start":{"line":4,"column":2},"end":{"line":4,"column":63}},"2":{"start":{"line":7,"column":39},"end":{"line":9,"column":1}},"3":{"start":{"line":8,"column":2},"end":{"line":8,"column":92}},"4":{"start":{"line":11,"column":43},"end":{"line":19,"column":1}},"5":{"start":{"line":12,"column":15},"end":{"line":12,"column":38}},"6":{"start":{"line":13,"column":2},"end":{"line":13,"column":25}},"7":{"start":{"line":13,"column":13},"end":{"line":13,"column":25}},"8":{"start":{"line":14,"column":17},"end":{"line":14,"column":73}},"9":{"start":{"line":14,"column":40},"end":{"line":14,"column":72}},"10":{"start":{"line":15,"column":2},"end":{"line":15,"column":27}},"11":{"start":{"line":15,"column":15},"end":{"line":15,"column":27}},"12":{"start":{"line":16,"column":2},"end":{"line":16,"column":21}},"13":{"start":{"line":17,"column":2},"end":{"line":17,"column":20}},"14":{"start":{"line":18,"column":2},"end":{"line":18,"column":14}},"15":{"start":{"line":21,"column":51},"end":{"line":30,"column":1}},"16":{"start":{"line":22,"column":15},"end":{"line":22,"column":38}},"17":{"start":{"line":23,"column":2},"end":{"line":23,"column":25}},"18":{"start":{"line":23,"column":13},"end":{"line":23,"column":25}},"19":{"start":{"line":24,"column":17},"end":{"line":24,"column":73}},"20":{"start":{"line":24,"column":40},"end":{"line":24,"column":72}},"21":{"start":{"line":25,"column":2},"end":{"line":25,"column":27}},"22":{"start":{"line":25,"column":15},"end":{"line":25,"column":27}},"23":{"start":{"line":26,"column":2},"end":{"line":26,"column":55}},"24":{"start":{"line":26,"column":20},"end":{"line":26,"column":55}},"25":{"start":{"line":27,"column":2},"end":{"line":27,"column":57}},"26":{"start":{"line":27,"column":30},"end":{"line":27,"column":57}},"27":{"start":{"line":28,"column":2},"end":{"line":28,"column":20}},"28":{"start":{"line":29,"column":2},"end":{"line":29,"column":14}}},"fnMap":{"0":{"name":"(anonymous_0)","decl":{"start":{"line":3,"column":31},"end":{"line":3,"column":32}},"loc":{"start":{"line":3,"column":43},"end":{"line":5,"column":1}},"line":3},"1":{"name":"(anonymous_1)","decl":{"start":{"line":7,"column":39},"end":{"line":7,"column":40}},"loc":{"start":{"line":7,"column":63},"end":{"line":9,"column":1}},"line":7},"2":{"name":"(anonymous_2)","decl":{"start":{"line":11,"column":43},"end":{"line":11,"column":44}},"loc":{"start":{"line":11,"column":73},"end":{"line":19,"column":1}},"line":11},"3":{"name":"(anonymous_3)","decl":{"start":{"line":14,"column":35},"end":{"line":14,"column":36}},"loc":{"start":{"line":14,"column":40},"end":{"line":14,"column":72}},"line":14},"4":{"name":"(anonymous_4)","decl":{"start":{"line":21,"column":51},"end":{"line":21,"column":52}},"loc":{"start":{"line":21,"column":99},"end":{"line":30,"column":1}},"line":21},"5":{"name":"(anonymous_5)","decl":{"start":{"line":24,"column":35},"end":{"line":24,"column":36}},"loc":{"start":{"line":24,"column":40},"end":{"line":24,"column":72}},"line":24}},"branchMap":{"0":{"loc":{"start":{"line":13,"column":2},"end":{"line":13,"column":25}},"type":"if","locations":[{"start":{"line":13,"column":2},"end":{"line":13,"column":25}},{"start":{},"end":{}}],"line":13},"1":{"loc":{"start":{"line":15,"column":2},"end":{"line":15,"column":27}},"type":"if","locations":[{"start":{"line":15,"column":2},"end":{"line":15,"column":27}},{"start":{},"end":{}}],"line":15},"2":{"loc":{"start":{"line":23,"column":2},"end":{"line":23,"column":25}},"type":"if","locations":[{"start":{"line":23,"column":2},"end":{"line":23,"column":25}},{"start":{},"end":{}}],"line":23},"3":{"loc":{"start":{"line":25,"column":2},"end":{"line":25,"column":27}},"type":"if","locations":[{"start":{"line":25,"column":2},"end":{"line":25,"column":27}},{"start":{},"end":{}}],"line":25},"4":{"loc":{"start":{"line":26,"column":2},"end":{"line":26,"column":55}},"type":"if","locations":[{"start":{"line":26,"column":2},"end":{"line":26,"column":55}},{"start":{},"end":{}}],"line":26},"5":{"loc":{"start":{"line":27,"column":2},"end":{"line":27,"column":57}},"type":"if","locations":[{"start":{"line":27,"column":2},"end":{"line":27,"column":57}},{"start":{},"end":{}}],"line":27}},"s":{"0":0,"1":0,"2":0,"3":0,"4":0,"5":0,"6":0,"7":0,"8":0,"9":0,"10":0,"11":0,"12":0,"13":0,"14":0,"15":0,"16":0,"17":0,"18":0,"19":0,"20":0,"21":0,"22":0,"23":0,"24":0,"25":0,"26":0,"27":0,"28":0},"f":{"0":0,"1":0,"2":0,"3":0,"4":0,"5":0},"b":{"0":[0,0],"1":[0,0],"2":[0,0],"3":[0,0],"4":[0,0],"5":[0,0]}}
,"/app/modules/project/service/viewReport.service.js": {"path":"/app/modules/project/service/viewReport.service.js","statementMap":{"0":{"start":{"line":3,"column":44},"end":{"line":17,"column":1}},"1":{"start":{"line":5,"column":4},"end":{"line":8,"column":5}},"2":{"start":{"line":7,"column":8},"end":{"line":7,"column":59}},"3":{"start":{"line":10,"column":19},"end":{"line":13,"column":6}},"4":{"start":{"line":15,"column":4},"end":{"line":15,"column":18}}},"fnMap":{"0":{"name":"(anonymous_0)","decl":{"start":{"line":3,"column":44},"end":{"line":3,"column":45}},"loc":{"start":{"line":3,"column":75},"end":{"line":17,"column":1}},"line":3}},"branchMap":{"0":{"loc":{"start":{"line":5,"column":4},"end":{"line":8,"column":5}},"type":"if","locations":[{"start":{"line":5,"column":4},"end":{"line":8,"column":5}},{"start":{},"end":{}}],"line":5}},"s":{"0":0,"1":0,"2":0,"3":0,"4":0},"f":{"0":0},"b":{"0":[0,0]}}
,"/app/modules/user/model/report.model.js": {"path":"/app/modules/user/model/report.model.js","statementMap":{"0":{"start":{"line":2,"column":19},"end":{"line":2,"column":27}},"1":{"start":{"line":4,"column":31},"end":{"line":10,"column":24}}},"fnMap":{},"branchMap":{},"s":{"0":0,"1":0},"f":{},"b":{}}
}
