{"/app/app.js": {"path":"/app/app.js","statementMap":{"0":{"start":{"line":11,"column":0},"end":{"line":11,"column":16}},"1":{"start":{"line":82,"column":12},"end":{"line":82,"column":21}},"2":{"start":{"line":85,"column":0},"end":{"line":85,"column":16}},"3":{"start":{"line":86,"column":0},"end":{"line":86,"column":38}},"4":{"start":{"line":87,"column":0},"end":{"line":87,"column":48}},"5":{"start":{"line":90,"column":0},"end":{"line":90,"column":54}},"6":{"start":{"line":92,"column":0},"end":{"line":92,"column":47}},"7":{"start":{"line":95,"column":0},"end":{"line":95,"column":42}},"8":{"start":{"line":96,"column":0},"end":{"line":96,"column":53}},"9":{"start":{"line":97,"column":0},"end":{"line":97,"column":55}},"10":{"start":{"line":98,"column":0},"end":{"line":98,"column":49}},"11":{"start":{"line":99,"column":0},"end":{"line":99,"column":53}},"12":{"start":{"line":100,"column":0},"end":{"line":100,"column":42}},"13":{"start":{"line":101,"column":0},"end":{"line":101,"column":38}},"14":{"start":{"line":102,"column":0},"end":{"line":102,"column":43}},"15":{"start":{"line":105,"column":0},"end":{"line":105,"column":33}},"16":{"start":{"line":106,"column":0},"end":{"line":106,"column":33}},"17":{"start":{"line":107,"column":0},"end":{"line":107,"column":54}},"18":{"start":{"line":108,"column":0},"end":{"line":108,"column":60}},"19":{"start":{"line":109,"column":0},"end":{"line":109,"column":45}},"20":{"start":{"line":110,"column":0},"end":{"line":110,"column":47}},"21":{"start":{"line":111,"column":0},"end":{"line":111,"column":60}},"22":{"start":{"line":112,"column":0},"end":{"line":112,"column":53}},"23":{"start":{"line":115,"column":0},"end":{"line":115,"column":31}},"24":{"start":{"line":116,"column":0},"end":{"line":116,"column":28}},"25":{"start":{"line":117,"column":0},"end":{"line":117,"column":28}},"26":{"start":{"line":118,"column":0},"end":{"line":118,"column":27}},"27":{"start":{"line":119,"column":0},"end":{"line":119,"column":34}},"28":{"start":{"line":120,"column":0},"end":{"line":120,"column":38}},"29":{"start":{"line":121,"column":0},"end":{"line":121,"column":39}},"30":{"start":{"line":122,"column":0},"end":{"line":122,"column":41}},"31":{"start":{"line":123,"column":0},"end":{"line":123,"column":34}},"32":{"start":{"line":124,"column":0},"end":{"line":124,"column":39}},"33":{"start":{"line":125,"column":0},"end":{"line":125,"column":38}},"34":{"start":{"line":126,"column":0},"end":{"line":126,"column":28}},"35":{"start":{"line":127,"column":0},"end":{"line":127,"column":31}},"36":{"start":{"line":128,"column":0},"end":{"line":128,"column":33}},"37":{"start":{"line":129,"column":0},"end":{"line":129,"column":30}},"38":{"start":{"line":132,"column":0},"end":{"line":132,"column":59}},"39":{"start":{"line":133,"column":0},"end":{"line":133,"column":59}},"40":{"start":{"line":134,"column":0},"end":{"line":134,"column":59}},"41":{"start":{"line":135,"column":0},"end":{"line":135,"column":61}},"42":{"start":{"line":136,"column":0},"end":{"line":136,"column":65}},"43":{"start":{"line":137,"column":0},"end":{"line":137,"column":68}},"44":{"start":{"line":138,"column":0},"end":{"line":138,"column":69}},"45":{"start":{"line":139,"column":0},"end":{"line":139,"column":51}},"46":{"start":{"line":140,"column":0},"end":{"line":140,"column":63}},"47":{"start":{"line":143,"column":0},"end":{"line":143,"column":40}},"48":{"start":{"line":144,"column":0},"end":{"line":144,"column":65}},"49":{"start":{"line":145,"column":0},"end":{"line":145,"column":59}},"50":{"start":{"line":146,"column":0},"end":{"line":146,"column":39}},"51":{"start":{"line":147,"column":0},"end":{"line":147,"column":43}},"52":{"start":{"line":148,"column":0},"end":{"line":148,"column":52}},"53":{"start":{"line":149,"column":0},"end":{"line":149,"column":42}},"54":{"start":{"line":150,"column":0},"end":{"line":150,"column":35}},"55":{"start":{"line":151,"column":0},"end":{"line":151,"column":49}},"56":{"start":{"line":152,"column":0},"end":{"line":152,"column":41}},"57":{"start":{"line":153,"column":0},"end":{"line":153,"column":53}},"58":{"start":{"line":156,"column":0},"end":{"line":163,"column":3}},"59":{"start":{"line":157,"column":2},"end":{"line":162,"column":5}},"60":{"start":{"line":166,"column":17},"end":{"line":166,"column":38}},"61":{"start":{"line":167,"column":13},"end":{"line":167,"column":37}},"62":{"start":{"line":169,"column":0},"end":{"line":176,"column":65}},"63":{"start":{"line":171,"column":4},"end":{"line":171,"column":40}},"64":{"start":{"line":172,"column":4},"end":{"line":174,"column":7}},"65":{"start":{"line":173,"column":6},"end":{"line":173,"column":52}},"66":{"start":{"line":176,"column":18},"end":{"line":176,"column":63}}},"fnMap":{"0":{"name":"(anonymous_0)","decl":{"start":{"line":156,"column":19},"end":{"line":156,"column":20}},"loc":{"start":{"line":156,"column":33},"end":{"line":163,"column":1}},"line":156},"1":{"name":"(anonymous_1)","decl":{"start":{"line":170,"column":8},"end":{"line":170,"column":9}},"loc":{"start":{"line":170,"column":14},"end":{"line":175,"column":3}},"line":170},"2":{"name":"(anonymous_2)","decl":{"start":{"line":172,"column":21},"end":{"line":172,"column":22}},"loc":{"start":{"line":172,"column":27},"end":{"line":174,"column":5}},"line":172},"3":{"name":"(anonymous_3)","decl":{"start":{"line":176,"column":9},"end":{"line":176,"column":10}},"loc":{"start":{"line":176,"column":18},"end":{"line":176,"column":63}},"line":176}},"branchMap":{"0":{"loc":{"start":{"line":167,"column":13},"end":{"line":167,"column":37}},"type":"binary-expr","locations":[{"start":{"line":167,"column":13},"end":{"line":167,"column":29}},{"start":{"line":167,"column":33},"end":{"line":167,"column":37}}],"line":167}},"s":{"0":0,"1":0,"2":0,"3":0,"4":0,"5":0,"6":0,"7":0,"8":0,"9":0,"10":0,"11":0,"12":0,"13":0,"14":0,"15":0,"16":0,"17":0,"18":0,"19":0,"20":0,"21":0,"22":0,"23":0,"24":0,"25":0,"26":0,"27":0,"28":0,"29":0,"30":0,"31":0,"32":0,"33":0,"34":0,"35":0,"36":0,"37":0,"38":0,"39":0,"40":0,"41":0,"42":0,"43":0,"44":0,"45":0,"46":0,"47":0,"48":0,"49":0,"50":0,"51":0,"52":0,"53":0,"54":0,"55":0,"56":0,"57":0,"58":0,"59":0,"60":0,"61":0,"62":0,"63":0,"64":0,"65":0,"66":0},"f":{"0":0,"1":0,"2":0,"3":0},"b":{"0":[0,0]}}
,"/app/config/db.js": {"path":"/app/config/db.js","statementMap":{"0":{"start":{"line":5,"column":0},"end":{"line":5,"column":34}},"1":{"start":{"line":9,"column":16},"end":{"line":9,"column":29}},"2":{"start":{"line":11,"column":4},"end":{"line":26,"column":5}},"3":{"start":{"line":13,"column":8},"end":{"line":18,"column":11}},"4":{"start":{"line":20,"column":8},"end":{"line":20,"column":55}},"5":{"start":{"line":24,"column":8},"end":{"line":24,"column":61}},"6":{"start":{"line":25,"column":8},"end":{"line":25,"column":20}},"7":{"start":{"line":28,"column":4},"end":{"line":30,"column":7}},"8":{"start":{"line":29,"column":8},"end":{"line":29,"column":60}},"9":{"start":{"line":32,"column":4},"end":{"line":34,"column":7}},"10":{"start":{"line":33,"column":8},"end":{"line":33,"column":44}},"11":{"start":{"line":40,"column":4},"end":{"line":40,"column":38}},"12":{"start":{"line":41,"column":4},"end":{"line":41,"column":40}}},"fnMap":{"0":{"name":"connectDB","decl":{"start":{"line":7,"column":22},"end":{"line":7,"column":31}},"loc":{"start":{"line":7,"column":34},"end":{"line":36,"column":1}},"line":7},"1":{"name":"(anonymous_1)","decl":{"start":{"line":28,"column":36},"end":{"line":28,"column":37}},"loc":{"start":{"line":28,"column":47},"end":{"line":30,"column":5}},"line":28},"2":{"name":"(anonymous_2)","decl":{"start":{"line":32,"column":43},"end":{"line":32,"column":44}},"loc":{"start":{"line":32,"column":49},"end":{"line":34,"column":5}},"line":32},"3":{"name":"disconnectedDB","decl":{"start":{"line":39,"column":22},"end":{"line":39,"column":36}},"loc":{"start":{"line":39,"column":39},"end":{"line":42,"column":1}},"line":39}},"branchMap":{},"s":{"0":1,"1":1,"2":1,"3":1,"4":1,"5":0,"6":0,"7":1,"8":0,"9":1,"10":1,"11":1,"12":1},"f":{"0":1,"1":0,"2":1,"3":1},"b":{},"_coverageSchema":"1a1c01bbd47fc00a2c39e90264f33305004495a9","hash":"a5545cb3049b9ca543238c9280f802a6bd76c810"}
,"/app/config/env.js": {"path":"/app/config/env.js","statementMap":{"0":{"start":{"line":5,"column":0},"end":{"line":5,"column":16}},"1":{"start":{"line":8,"column":17},"end":{"line":19,"column":1}},"2":{"start":{"line":10,"column":16},"end":{"line":10,"column":44}},"3":{"start":{"line":12,"column":4},"end":{"line":15,"column":5}},"4":{"start":{"line":14,"column":8},"end":{"line":14,"column":64}},"5":{"start":{"line":17,"column":4},"end":{"line":17,"column":15}},"6":{"start":{"line":21,"column":19},"end":{"line":27,"column":1}}},"fnMap":{"0":{"name":"(anonymous_0)","decl":{"start":{"line":8,"column":17},"end":{"line":8,"column":18}},"loc":{"start":{"line":8,"column":48},"end":{"line":19,"column":1}},"line":8}},"branchMap":{"0":{"loc":{"start":{"line":8,"column":23},"end":{"line":8,"column":43}},"type":"default-arg","locations":[{"start":{"line":8,"column":34},"end":{"line":8,"column":43}}],"line":8},"1":{"loc":{"start":{"line":10,"column":16},"end":{"line":10,"column":44}},"type":"binary-expr","locations":[{"start":{"line":10,"column":16},"end":{"line":10,"column":32}},{"start":{"line":10,"column":36},"end":{"line":10,"column":44}}],"line":10},"2":{"loc":{"start":{"line":12,"column":4},"end":{"line":15,"column":5}},"type":"if","locations":[{"start":{"line":12,"column":4},"end":{"line":15,"column":5}},{"start":{},"end":{}}],"line":12},"3":{"loc":{"start":{"line":12,"column":7},"end":{"line":12,"column":36}},"type":"binary-expr","locations":[{"start":{"line":12,"column":7},"end":{"line":12,"column":23}},{"start":{"line":12,"column":27},"end":{"line":12,"column":36}}],"line":12},"4":{"loc":{"start":{"line":22,"column":14},"end":{"line":22,"column":51}},"type":"binary-expr","locations":[{"start":{"line":22,"column":14},"end":{"line":22,"column":34}},{"start":{"line":22,"column":38},"end":{"line":22,"column":51}}],"line":22},"5":{"loc":{"start":{"line":23,"column":19},"end":{"line":23,"column":45}},"type":"binary-expr","locations":[{"start":{"line":23,"column":19},"end":{"line":23,"column":35}},{"start":{"line":23,"column":39},"end":{"line":23,"column":45}}],"line":23},"6":{"loc":{"start":{"line":25,"column":15},"end":{"line":25,"column":46}},"type":"binary-expr","locations":[{"start":{"line":25,"column":15},"end":{"line":25,"column":36}},{"start":{"line":25,"column":40},"end":{"line":25,"column":46}}],"line":25},"7":{"loc":{"start":{"line":26,"column":14},"end":{"line":26,"column":49}},"type":"binary-expr","locations":[{"start":{"line":26,"column":14},"end":{"line":26,"column":34}},{"start":{"line":26,"column":38},"end":{"line":26,"column":49}}],"line":26}},"s":{"0":1,"1":1,"2":1,"3":1,"4":0,"5":1,"6":1},"f":{"0":1},"b":{"0":[1],"1":[1,0],"2":[0,1],"3":[1,1],"4":[1,0],"5":[1,0],"6":[1,0],"7":[1,0]},"_coverageSchema":"1a1c01bbd47fc00a2c39e90264f33305004495a9","hash":"d07ec2e798a310b959b70eeed3ac72d6084cdb30"}
,"/app/config/logger.js": {"path":"/app/config/logger.js","statementMap":{"0":{"start":{"line":5,"column":14},"end":{"line":5,"column":43}},"1":{"start":{"line":7,"column":22},"end":{"line":20,"column":2}}},"fnMap":{},"branchMap":{"0":{"loc":{"start":{"line":10,"column":13},"end":{"line":19,"column":15}},"type":"cond-expr","locations":[{"start":{"line":11,"column":6},"end":{"line":18,"column":7}},{"start":{"line":19,"column":6},"end":{"line":19,"column":15}}],"line":10}},"s":{"0":1,"1":1},"f":{},"b":{"0":[1,0]},"_coverageSchema":"1a1c01bbd47fc00a2c39e90264f33305004495a9","hash":"3c4c616bfea56daef320e14ac518c3fc5d223c63"}
,"/app/modules/auth/controller/assignmentController.js": {"path":"/app/modules/auth/controller/assignmentController.js","statementMap":{"0":{"start":{"line":7,"column":31},"end":{"line":33,"column":1}},"1":{"start":{"line":8,"column":2},"end":{"line":32,"column":3}},"2":{"start":{"line":9,"column":49},"end":{"line":9,"column":57}},"3":{"start":{"line":10,"column":4},"end":{"line":12,"column":5}},"4":{"start":{"line":11,"column":6},"end":{"line":11,"column":75}},"5":{"start":{"line":14,"column":21},"end":{"line":14,"column":101}},"6":{"start":{"line":15,"column":4},"end":{"line":17,"column":5}},"7":{"start":{"line":16,"column":6},"end":{"line":16,"column":75}},"8":{"start":{"line":19,"column":23},"end":{"line":24,"column":6}},"9":{"start":{"line":25,"column":4},"end":{"line":25,"column":28}},"10":{"start":{"line":27,"column":4},"end":{"line":27,"column":29}},"11":{"start":{"line":28,"column":4},"end":{"line":28,"column":26}},"12":{"start":{"line":29,"column":4},"end":{"line":29,"column":73}},"13":{"start":{"line":31,"column":4},"end":{"line":31,"column":51}},"14":{"start":{"line":36,"column":31},"end":{"line":49,"column":1}},"15":{"start":{"line":37,"column":2},"end":{"line":48,"column":3}},"16":{"start":{"line":38,"column":36},"end":{"line":38,"column":45}},"17":{"start":{"line":39,"column":19},"end":{"line":39,"column":21}},"18":{"start":{"line":40,"column":4},"end":{"line":40,"column":39}},"19":{"start":{"line":40,"column":16},"end":{"line":40,"column":39}},"20":{"start":{"line":41,"column":4},"end":{"line":41,"column":52}},"21":{"start":{"line":41,"column":21},"end":{"line":41,"column":52}},"22":{"start":{"line":42,"column":24},"end":{"line":44,"column":48}},"23":{"start":{"line":45,"column":4},"end":{"line":45,"column":38}},"24":{"start":{"line":47,"column":4},"end":{"line":47,"column":51}},"25":{"start":{"line":52,"column":39},"end":{"line":88,"column":1}},"26":{"start":{"line":53,"column":2},"end":{"line":87,"column":3}},"27":{"start":{"line":54,"column":28},"end":{"line":54,"column":38}},"28":{"start":{"line":56,"column":24},"end":{"line":61,"column":27}},"29":{"start":{"line":64,"column":35},"end":{"line":81,"column":6}},"30":{"start":{"line":65,"column":32},"end":{"line":65,"column":63}},"31":{"start":{"line":66,"column":6},"end":{"line":80,"column":8}},"32":{"start":{"line":83,"column":4},"end":{"line":83,"column":49}},"33":{"start":{"line":85,"column":4},"end":{"line":85,"column":64}},"34":{"start":{"line":86,"column":4},"end":{"line":86,"column":51}},"35":{"start":{"line":91,"column":38},"end":{"line":115,"column":1}},"36":{"start":{"line":92,"column":2},"end":{"line":114,"column":3}},"37":{"start":{"line":93,"column":29},"end":{"line":93,"column":39}},"38":{"start":{"line":94,"column":23},"end":{"line":94,"column":31}},"39":{"start":{"line":95,"column":4},"end":{"line":97,"column":5}},"40":{"start":{"line":96,"column":6},"end":{"line":96,"column":66}},"41":{"start":{"line":98,"column":23},"end":{"line":98,"column":62}},"42":{"start":{"line":99,"column":4},"end":{"line":99,"column":87}},"43":{"start":{"line":99,"column":21},"end":{"line":99,"column":87}},"44":{"start":{"line":100,"column":4},"end":{"line":100,"column":31}},"45":{"start":{"line":101,"column":4},"end":{"line":101,"column":38}},"46":{"start":{"line":102,"column":4},"end":{"line":102,"column":28}},"47":{"start":{"line":104,"column":4},"end":{"line":110,"column":5}},"48":{"start":{"line":105,"column":23},"end":{"line":105,"column":91}},"49":{"start":{"line":106,"column":6},"end":{"line":109,"column":7}},"50":{"start":{"line":107,"column":8},"end":{"line":107,"column":38}},"51":{"start":{"line":108,"column":8},"end":{"line":108,"column":30}},"52":{"start":{"line":111,"column":4},"end":{"line":111,"column":80}},"53":{"start":{"line":113,"column":4},"end":{"line":113,"column":51}},"54":{"start":{"line":118,"column":32},"end":{"line":136,"column":1}},"55":{"start":{"line":119,"column":2},"end":{"line":135,"column":3}},"56":{"start":{"line":120,"column":29},"end":{"line":120,"column":39}},"57":{"start":{"line":121,"column":23},"end":{"line":121,"column":62}},"58":{"start":{"line":122,"column":4},"end":{"line":122,"column":87}},"59":{"start":{"line":122,"column":21},"end":{"line":122,"column":87}},"60":{"start":{"line":125,"column":21},"end":{"line":125,"column":89}},"61":{"start":{"line":126,"column":4},"end":{"line":129,"column":5}},"62":{"start":{"line":127,"column":6},"end":{"line":127,"column":36}},"63":{"start":{"line":128,"column":6},"end":{"line":128,"column":28}},"64":{"start":{"line":131,"column":4},"end":{"line":131,"column":53}},"65":{"start":{"line":132,"column":4},"end":{"line":132,"column":74}},"66":{"start":{"line":134,"column":4},"end":{"line":134,"column":51}}},"fnMap":{"0":{"name":"(anonymous_0)","decl":{"start":{"line":7,"column":31},"end":{"line":7,"column":32}},"loc":{"start":{"line":7,"column":51},"end":{"line":33,"column":1}},"line":7},"1":{"name":"(anonymous_1)","decl":{"start":{"line":36,"column":31},"end":{"line":36,"column":32}},"loc":{"start":{"line":36,"column":51},"end":{"line":49,"column":1}},"line":36},"2":{"name":"(anonymous_2)","decl":{"start":{"line":52,"column":39},"end":{"line":52,"column":40}},"loc":{"start":{"line":52,"column":59},"end":{"line":88,"column":1}},"line":52},"3":{"name":"(anonymous_3)","decl":{"start":{"line":64,"column":51},"end":{"line":64,"column":52}},"loc":{"start":{"line":64,"column":65},"end":{"line":81,"column":5}},"line":64},"4":{"name":"(anonymous_4)","decl":{"start":{"line":91,"column":38},"end":{"line":91,"column":39}},"loc":{"start":{"line":91,"column":58},"end":{"line":115,"column":1}},"line":91},"5":{"name":"(anonymous_5)","decl":{"start":{"line":118,"column":32},"end":{"line":118,"column":33}},"loc":{"start":{"line":118,"column":52},"end":{"line":136,"column":1}},"line":118}},"branchMap":{"0":{"loc":{"start":{"line":10,"column":4},"end":{"line":12,"column":5}},"type":"if","locations":[{"start":{"line":10,"column":4},"end":{"line":12,"column":5}},{"start":{},"end":{}}],"line":10},"1":{"loc":{"start":{"line":10,"column":8},"end":{"line":10,"column":44}},"type":"binary-expr","locations":[{"start":{"line":10,"column":8},"end":{"line":10,"column":28}},{"start":{"line":10,"column":32},"end":{"line":10,"column":44}}],"line":10},"2":{"loc":{"start":{"line":15,"column":4},"end":{"line":17,"column":5}},"type":"if","locations":[{"start":{"line":15,"column":4},"end":{"line":17,"column":5}},{"start":{},"end":{}}],"line":15},"3":{"loc":{"start":{"line":40,"column":4},"end":{"line":40,"column":39}},"type":"if","locations":[{"start":{"line":40,"column":4},"end":{"line":40,"column":39}},{"start":{},"end":{}}],"line":40},"4":{"loc":{"start":{"line":41,"column":4},"end":{"line":41,"column":52}},"type":"if","locations":[{"start":{"line":41,"column":4},"end":{"line":41,"column":52}},{"start":{},"end":{}}],"line":41},"5":{"loc":{"start":{"line":68,"column":27},"end":{"line":79,"column":16}},"type":"cond-expr","locations":[{"start":{"line":68,"column":47},"end":{"line":79,"column":9}},{"start":{"line":79,"column":12},"end":{"line":79,"column":16}}],"line":68},"6":{"loc":{"start":{"line":95,"column":4},"end":{"line":97,"column":5}},"type":"if","locations":[{"start":{"line":95,"column":4},"end":{"line":97,"column":5}},{"start":{},"end":{}}],"line":95},"7":{"loc":{"start":{"line":99,"column":4},"end":{"line":99,"column":87}},"type":"if","locations":[{"start":{"line":99,"column":4},"end":{"line":99,"column":87}},{"start":{},"end":{}}],"line":99},"8":{"loc":{"start":{"line":104,"column":4},"end":{"line":110,"column":5}},"type":"if","locations":[{"start":{"line":104,"column":4},"end":{"line":110,"column":5}},{"start":{},"end":{}}],"line":104},"9":{"loc":{"start":{"line":106,"column":6},"end":{"line":109,"column":7}},"type":"if","locations":[{"start":{"line":106,"column":6},"end":{"line":109,"column":7}},{"start":{},"end":{}}],"line":106},"10":{"loc":{"start":{"line":122,"column":4},"end":{"line":122,"column":87}},"type":"if","locations":[{"start":{"line":122,"column":4},"end":{"line":122,"column":87}},{"start":{},"end":{}}],"line":122},"11":{"loc":{"start":{"line":126,"column":4},"end":{"line":129,"column":5}},"type":"if","locations":[{"start":{"line":126,"column":4},"end":{"line":129,"column":5}},{"start":{},"end":{}}],"line":126}},"s":{"0":0,"1":0,"2":0,"3":0,"4":0,"5":0,"6":0,"7":0,"8":0,"9":0,"10":0,"11":0,"12":0,"13":0,"14":0,"15":0,"16":0,"17":0,"18":0,"19":0,"20":0,"21":0,"22":0,"23":0,"24":0,"25":0,"26":0,"27":0,"28":0,"29":0,"30":0,"31":0,"32":0,"33":0,"34":0,"35":0,"36":0,"37":0,"38":0,"39":0,"40":0,"41":0,"42":0,"43":0,"44":0,"45":0,"46":0,"47":0,"48":0,"49":0,"50":0,"51":0,"52":0,"53":0,"54":0,"55":0,"56":0,"57":0,"58":0,"59":0,"60":0,"61":0,"62":0,"63":0,"64":0,"65":0,"66":0},"f":{"0":0,"1":0,"2":0,"3":0,"4":0,"5":0},"b":{"0":[0,0],"1":[0,0],"2":[0,0],"3":[0,0],"4":[0,0],"5":[0,0],"6":[0,0],"7":[0,0],"8":[0,0],"9":[0,0],"10":[0,0],"11":[0,0]}}
,"/app/modules/auth/controller/authController.js": {"path":"/app/modules/auth/controller/authController.js","statementMap":{"0":{"start":{"line":7,"column":19},"end":{"line":7,"column":41}},"1":{"start":{"line":10,"column":28},"end":{"line":38,"column":1}},"2":{"start":{"line":11,"column":53},"end":{"line":11,"column":61}},"3":{"start":{"line":12,"column":2},"end":{"line":37,"column":3}},"4":{"start":{"line":13,"column":23},"end":{"line":13,"column":49}},"5":{"start":{"line":14,"column":23},"end":{"line":14,"column":86}},"6":{"start":{"line":15,"column":4},"end":{"line":15,"column":99}},"7":{"start":{"line":15,"column":20},"end":{"line":15,"column":99}},"8":{"start":{"line":17,"column":20},"end":{"line":24,"column":6}},"9":{"start":{"line":26,"column":4},"end":{"line":26,"column":25}},"10":{"start":{"line":29,"column":18},"end":{"line":29,"column":100}},"11":{"start":{"line":31,"column":4},"end":{"line":34,"column":7}},"12":{"start":{"line":36,"column":4},"end":{"line":36,"column":53}},"13":{"start":{"line":41,"column":25},"end":{"line":72,"column":1}},"14":{"start":{"line":42,"column":30},"end":{"line":42,"column":38}},"15":{"start":{"line":43,"column":2},"end":{"line":71,"column":3}},"16":{"start":{"line":44,"column":23},"end":{"line":44,"column":49}},"17":{"start":{"line":45,"column":17},"end":{"line":45,"column":58}},"18":{"start":{"line":46,"column":4},"end":{"line":46,"column":85}},"19":{"start":{"line":46,"column":15},"end":{"line":46,"column":85}},"20":{"start":{"line":48,"column":20},"end":{"line":48,"column":65}},"21":{"start":{"line":49,"column":4},"end":{"line":49,"column":88}},"22":{"start":{"line":49,"column":18},"end":{"line":49,"column":88}},"23":{"start":{"line":52,"column":4},"end":{"line":52,"column":91}},"24":{"start":{"line":52,"column":24},"end":{"line":52,"column":91}},"25":{"start":{"line":55,"column":18},"end":{"line":55,"column":94}},"26":{"start":{"line":58,"column":4},"end":{"line":68,"column":7}},"27":{"start":{"line":70,"column":4},"end":{"line":70,"column":53}},"28":{"start":{"line":75,"column":36},"end":{"line":98,"column":1}},"29":{"start":{"line":76,"column":20},"end":{"line":76,"column":28}},"30":{"start":{"line":77,"column":2},"end":{"line":97,"column":3}},"31":{"start":{"line":78,"column":17},"end":{"line":78,"column":74}},"32":{"start":{"line":79,"column":4},"end":{"line":79,"column":74}},"33":{"start":{"line":79,"column":15},"end":{"line":79,"column":74}},"34":{"start":{"line":82,"column":16},"end":{"line":82,"column":70}},"35":{"start":{"line":83,"column":4},"end":{"line":83,"column":34}},"36":{"start":{"line":84,"column":4},"end":{"line":84,"column":60}},"37":{"start":{"line":85,"column":4},"end":{"line":85,"column":22}},"38":{"start":{"line":88,"column":4},"end":{"line":92,"column":7}},"39":{"start":{"line":94,"column":4},"end":{"line":94,"column":62}},"40":{"start":{"line":96,"column":4},"end":{"line":96,"column":53}},"41":{"start":{"line":101,"column":29},"end":{"line":119,"column":1}},"42":{"start":{"line":102,"column":31},"end":{"line":102,"column":39}},"43":{"start":{"line":103,"column":2},"end":{"line":118,"column":3}},"44":{"start":{"line":104,"column":17},"end":{"line":107,"column":6}},"45":{"start":{"line":108,"column":4},"end":{"line":108,"column":82}},"46":{"start":{"line":108,"column":15},"end":{"line":108,"column":82}},"47":{"start":{"line":110,"column":4},"end":{"line":110,"column":55}},"48":{"start":{"line":111,"column":4},"end":{"line":111,"column":40}},"49":{"start":{"line":112,"column":4},"end":{"line":112,"column":42}},"50":{"start":{"line":113,"column":4},"end":{"line":113,"column":22}},"51":{"start":{"line":115,"column":4},"end":{"line":115,"column":67}},"52":{"start":{"line":117,"column":4},"end":{"line":117,"column":53}}},"fnMap":{"0":{"name":"(anonymous_0)","decl":{"start":{"line":10,"column":28},"end":{"line":10,"column":29}},"loc":{"start":{"line":10,"column":48},"end":{"line":38,"column":1}},"line":10},"1":{"name":"(anonymous_1)","decl":{"start":{"line":41,"column":25},"end":{"line":41,"column":26}},"loc":{"start":{"line":41,"column":45},"end":{"line":72,"column":1}},"line":41},"2":{"name":"(anonymous_2)","decl":{"start":{"line":75,"column":36},"end":{"line":75,"column":37}},"loc":{"start":{"line":75,"column":56},"end":{"line":98,"column":1}},"line":75},"3":{"name":"(anonymous_3)","decl":{"start":{"line":101,"column":29},"end":{"line":101,"column":30}},"loc":{"start":{"line":101,"column":49},"end":{"line":119,"column":1}},"line":101}},"branchMap":{"0":{"loc":{"start":{"line":15,"column":4},"end":{"line":15,"column":99}},"type":"if","locations":[{"start":{"line":15,"column":4},"end":{"line":15,"column":99}},{"start":{},"end":{}}],"line":15},"1":{"loc":{"start":{"line":22,"column":12},"end":{"line":22,"column":28}},"type":"binary-expr","locations":[{"start":{"line":22,"column":12},"end":{"line":22,"column":16}},{"start":{"line":22,"column":20},"end":{"line":22,"column":28}}],"line":22},"2":{"loc":{"start":{"line":46,"column":4},"end":{"line":46,"column":85}},"type":"if","locations":[{"start":{"line":46,"column":4},"end":{"line":46,"column":85}},{"start":{},"end":{}}],"line":46},"3":{"loc":{"start":{"line":49,"column":4},"end":{"line":49,"column":88}},"type":"if","locations":[{"start":{"line":49,"column":4},"end":{"line":49,"column":88}},{"start":{},"end":{}}],"line":49},"4":{"loc":{"start":{"line":52,"column":4},"end":{"line":52,"column":91}},"type":"if","locations":[{"start":{"line":52,"column":4},"end":{"line":52,"column":91}},{"start":{},"end":{}}],"line":52},"5":{"loc":{"start":{"line":79,"column":4},"end":{"line":79,"column":74}},"type":"if","locations":[{"start":{"line":79,"column":4},"end":{"line":79,"column":74}},{"start":{},"end":{}}],"line":79},"6":{"loc":{"start":{"line":108,"column":4},"end":{"line":108,"column":82}},"type":"if","locations":[{"start":{"line":108,"column":4},"end":{"line":108,"column":82}},{"start":{},"end":{}}],"line":108}},"s":{"0":0,"1":0,"2":0,"3":0,"4":0,"5":0,"6":0,"7":0,"8":0,"9":0,"10":0,"11":0,"12":0,"13":0,"14":0,"15":0,"16":0,"17":0,"18":0,"19":0,"20":0,"21":0,"22":0,"23":0,"24":0,"25":0,"26":0,"27":0,"28":0,"29":0,"30":0,"31":0,"32":0,"33":0,"34":0,"35":0,"36":0,"37":0,"38":0,"39":0,"40":0,"41":0,"42":0,"43":0,"44":0,"45":0,"46":0,"47":0,"48":0,"49":0,"50":0,"51":0,"52":0},"f":{"0":0,"1":0,"2":0,"3":0},"b":{"0":[0,0],"1":[0,0],"2":[0,0],"3":[0,0],"4":[0,0],"5":[0,0],"6":[0,0]}}
,"/app/modules/auth/controller/inspectionRequestController.js": {"path":"/app/modules/auth/controller/inspectionRequestController.js","statementMap":{"0":{"start":{"line":6,"column":39},"end":{"line":62,"column":1}},"1":{"start":{"line":7,"column":1},"end":{"line":61,"column":2}},"2":{"start":{"line":19,"column":6},"end":{"line":19,"column":14}},"3":{"start":{"line":21,"column":20},"end":{"line":21,"column":32}},"4":{"start":{"line":24,"column":2},"end":{"line":28,"column":3}},"5":{"start":{"line":25,"column":3},"end":{"line":27,"column":6}},"6":{"start":{"line":31,"column":24},"end":{"line":31,"column":62}},"7":{"start":{"line":32,"column":22},"end":{"line":32,"column":64}},"8":{"start":{"line":34,"column":21},"end":{"line":50,"column":4}},"9":{"start":{"line":52,"column":2},"end":{"line":52,"column":26}},"10":{"start":{"line":54,"column":2},"end":{"line":58,"column":5}},"11":{"start":{"line":60,"column":2},"end":{"line":60,"column":97}},"12":{"start":{"line":65,"column":36},"end":{"line":97,"column":1}},"13":{"start":{"line":66,"column":1},"end":{"line":96,"column":2}},"14":{"start":{"line":67,"column":24},"end":{"line":67,"column":34}},"15":{"start":{"line":68,"column":32},"end":{"line":68,"column":40}},"16":{"start":{"line":69,"column":19},"end":{"line":69,"column":31}},"17":{"start":{"line":71,"column":18},"end":{"line":71,"column":61}},"18":{"start":{"line":72,"column":2},"end":{"line":74,"column":3}},"19":{"start":{"line":73,"column":3},"end":{"line":73,"column":76}},"20":{"start":{"line":77,"column":2},"end":{"line":79,"column":3}},"21":{"start":{"line":78,"column":3},"end":{"line":78,"column":111}},"22":{"start":{"line":81,"column":25},"end":{"line":88,"column":3}},"23":{"start":{"line":90,"column":2},"end":{"line":93,"column":5}},"24":{"start":{"line":95,"column":2},"end":{"line":95,"column":94}},"25":{"start":{"line":100,"column":43},"end":{"line":112,"column":1}},"26":{"start":{"line":101,"column":1},"end":{"line":111,"column":2}},"27":{"start":{"line":102,"column":19},"end":{"line":102,"column":31}},"28":{"start":{"line":103,"column":19},"end":{"line":104,"column":27}},"29":{"start":{"line":105,"column":2},"end":{"line":108,"column":5}},"30":{"start":{"line":110,"column":2},"end":{"line":110,"column":97}},"31":{"start":{"line":115,"column":40},"end":{"line":123,"column":1}},"32":{"start":{"line":116,"column":1},"end":{"line":122,"column":2}},"33":{"start":{"line":117,"column":19},"end":{"line":118,"column":27}},"34":{"start":{"line":119,"column":2},"end":{"line":119,"column":33}},"35":{"start":{"line":121,"column":2},"end":{"line":121,"column":97}},"36":{"start":{"line":126,"column":45},"end":{"line":162,"column":1}},"37":{"start":{"line":127,"column":1},"end":{"line":161,"column":2}},"38":{"start":{"line":128,"column":24},"end":{"line":128,"column":34}},"39":{"start":{"line":129,"column":29},"end":{"line":129,"column":37}},"40":{"start":{"line":130,"column":17},"end":{"line":130,"column":29}},"41":{"start":{"line":132,"column":18},"end":{"line":132,"column":61}},"42":{"start":{"line":133,"column":2},"end":{"line":135,"column":3}},"43":{"start":{"line":134,"column":3},"end":{"line":134,"column":76}},"44":{"start":{"line":138,"column":24},"end":{"line":138,"column":141}},"45":{"start":{"line":139,"column":2},"end":{"line":141,"column":3}},"46":{"start":{"line":140,"column":3},"end":{"line":140,"column":68}},"47":{"start":{"line":143,"column":25},"end":{"line":152,"column":3}},"48":{"start":{"line":154,"column":2},"end":{"line":158,"column":5}},"49":{"start":{"line":160,"column":2},"end":{"line":160,"column":85}}},"fnMap":{"0":{"name":"(anonymous_0)","decl":{"start":{"line":6,"column":39},"end":{"line":6,"column":40}},"loc":{"start":{"line":6,"column":59},"end":{"line":62,"column":1}},"line":6},"1":{"name":"(anonymous_1)","decl":{"start":{"line":65,"column":36},"end":{"line":65,"column":37}},"loc":{"start":{"line":65,"column":56},"end":{"line":97,"column":1}},"line":65},"2":{"name":"(anonymous_2)","decl":{"start":{"line":100,"column":43},"end":{"line":100,"column":44}},"loc":{"start":{"line":100,"column":63},"end":{"line":112,"column":1}},"line":100},"3":{"name":"(anonymous_3)","decl":{"start":{"line":115,"column":40},"end":{"line":115,"column":41}},"loc":{"start":{"line":115,"column":60},"end":{"line":123,"column":1}},"line":115},"4":{"name":"(anonymous_4)","decl":{"start":{"line":126,"column":45},"end":{"line":126,"column":46}},"loc":{"start":{"line":126,"column":65},"end":{"line":162,"column":1}},"line":126}},"branchMap":{"0":{"loc":{"start":{"line":15,"column":3},"end":{"line":15,"column":22}},"type":"default-arg","locations":[{"start":{"line":15,"column":21},"end":{"line":15,"column":22}}],"line":15},"1":{"loc":{"start":{"line":17,"column":3},"end":{"line":17,"column":17}},"type":"default-arg","locations":[{"start":{"line":17,"column":15},"end":{"line":17,"column":17}}],"line":17},"2":{"loc":{"start":{"line":24,"column":2},"end":{"line":28,"column":3}},"type":"if","locations":[{"start":{"line":24,"column":2},"end":{"line":28,"column":3}},{"start":{},"end":{}}],"line":24},"3":{"loc":{"start":{"line":24,"column":6},"end":{"line":24,"column":136}},"type":"binary-expr","locations":[{"start":{"line":24,"column":6},"end":{"line":24,"column":18}},{"start":{"line":24,"column":22},"end":{"line":24,"column":28}},{"start":{"line":24,"column":32},"end":{"line":24,"column":45}},{"start":{"line":24,"column":49},"end":{"line":24,"column":74}},{"start":{"line":24,"column":78},"end":{"line":24,"column":100}},{"start":{"line":24,"column":104},"end":{"line":24,"column":117}},{"start":{"line":24,"column":121},"end":{"line":24,"column":136}}],"line":24},"4":{"loc":{"start":{"line":44,"column":14},"end":{"line":44,"column":55}},"type":"cond-expr","locations":[{"start":{"line":44,"column":41},"end":{"line":44,"column":50}},{"start":{"line":44,"column":53},"end":{"line":44,"column":55}}],"line":44},"5":{"loc":{"start":{"line":45,"column":20},"end":{"line":45,"column":70}},"type":"cond-expr","locations":[{"start":{"line":45,"column":38},"end":{"line":45,"column":63}},{"start":{"line":45,"column":66},"end":{"line":45,"column":70}}],"line":45},"6":{"loc":{"start":{"line":72,"column":2},"end":{"line":74,"column":3}},"type":"if","locations":[{"start":{"line":72,"column":2},"end":{"line":74,"column":3}},{"start":{},"end":{}}],"line":72},"7":{"loc":{"start":{"line":77,"column":2},"end":{"line":79,"column":3}},"type":"if","locations":[{"start":{"line":77,"column":2},"end":{"line":79,"column":3}},{"start":{},"end":{}}],"line":77},"8":{"loc":{"start":{"line":84,"column":23},"end":{"line":84,"column":77}},"type":"binary-expr","locations":[{"start":{"line":84,"column":23},"end":{"line":84,"column":40}},{"start":{"line":84,"column":45},"end":{"line":84,"column":76}}],"line":84},"9":{"loc":{"start":{"line":84,"column":45},"end":{"line":84,"column":76}},"type":"cond-expr","locations":[{"start":{"line":84,"column":56},"end":{"line":84,"column":69}},{"start":{"line":84,"column":72},"end":{"line":84,"column":76}}],"line":84},"10":{"loc":{"start":{"line":133,"column":2},"end":{"line":135,"column":3}},"type":"if","locations":[{"start":{"line":133,"column":2},"end":{"line":135,"column":3}},{"start":{},"end":{}}],"line":133},"11":{"loc":{"start":{"line":139,"column":2},"end":{"line":141,"column":3}},"type":"if","locations":[{"start":{"line":139,"column":2},"end":{"line":141,"column":3}},{"start":{},"end":{}}],"line":139},"12":{"loc":{"start":{"line":149,"column":8},"end":{"line":149,"column":43}},"type":"binary-expr","locations":[{"start":{"line":149,"column":8},"end":{"line":149,"column":14}},{"start":{"line":149,"column":18},"end":{"line":149,"column":43}}],"line":149}},"s":{"0":0,"1":0,"2":0,"3":0,"4":0,"5":0,"6":0,"7":0,"8":0,"9":0,"10":0,"11":0,"12":0,"13":0,"14":0,"15":0,"16":0,"17":0,"18":0,"19":0,"20":0,"21":0,"22":0,"23":0,"24":0,"25":0,"26":0,"27":0,"28":0,"29":0,"30":0,"31":0,"32":0,"33":0,"34":0,"35":0,"36":0,"37":0,"38":0,"39":0,"40":0,"41":0,"42":0,"43":0,"44":0,"45":0,"46":0,"47":0,"48":0,"49":0},"f":{"0":0,"1":0,"2":0,"3":0,"4":0},"b":{"0":[0],"1":[0],"2":[0,0],"3":[0,0,0,0,0,0,0],"4":[0,0],"5":[0,0],"6":[0,0],"7":[0,0],"8":[0,0],"9":[0,0],"10":[0,0],"11":[0,0],"12":[0,0]}}
,"/app/modules/auth/controller/inspectorFormController.backup.js": {"path":"/app/modules/auth/controller/inspectorFormController.backup.js","statementMap":{"0":{"start":{"line":4,"column":35},"end":{"line":10,"column":1}},"1":{"start":{"line":5,"column":2},"end":{"line":9,"column":3}},"2":{"start":{"line":6,"column":4},"end":{"line":6,"column":78}},"3":{"start":{"line":8,"column":4},"end":{"line":8,"column":83}},"4":{"start":{"line":13,"column":35},"end":{"line":19,"column":1}},"5":{"start":{"line":14,"column":2},"end":{"line":18,"column":3}},"6":{"start":{"line":15,"column":4},"end":{"line":15,"column":81}},"7":{"start":{"line":17,"column":4},"end":{"line":17,"column":88}},"8":{"start":{"line":22,"column":35},"end":{"line":24,"column":1}},"9":{"start":{"line":23,"column":2},"end":{"line":23,"column":67}},"10":{"start":{"line":26,"column":36},"end":{"line":28,"column":1}},"11":{"start":{"line":27,"column":2},"end":{"line":27,"column":61}},"12":{"start":{"line":30,"column":33},"end":{"line":32,"column":1}},"13":{"start":{"line":31,"column":2},"end":{"line":31,"column":76}},"14":{"start":{"line":34,"column":35},"end":{"line":36,"column":1}},"15":{"start":{"line":35,"column":2},"end":{"line":35,"column":67}},"16":{"start":{"line":38,"column":35},"end":{"line":40,"column":1}},"17":{"start":{"line":39,"column":2},"end":{"line":39,"column":67}},"18":{"start":{"line":42,"column":38},"end":{"line":44,"column":1}},"19":{"start":{"line":43,"column":2},"end":{"line":43,"column":67}}},"fnMap":{"0":{"name":"(anonymous_0)","decl":{"start":{"line":4,"column":35},"end":{"line":4,"column":36}},"loc":{"start":{"line":4,"column":55},"end":{"line":10,"column":1}},"line":4},"1":{"name":"(anonymous_1)","decl":{"start":{"line":13,"column":35},"end":{"line":13,"column":36}},"loc":{"start":{"line":13,"column":55},"end":{"line":19,"column":1}},"line":13},"2":{"name":"(anonymous_2)","decl":{"start":{"line":22,"column":35},"end":{"line":22,"column":36}},"loc":{"start":{"line":22,"column":55},"end":{"line":24,"column":1}},"line":22},"3":{"name":"(anonymous_3)","decl":{"start":{"line":26,"column":36},"end":{"line":26,"column":37}},"loc":{"start":{"line":26,"column":56},"end":{"line":28,"column":1}},"line":26},"4":{"name":"(anonymous_4)","decl":{"start":{"line":30,"column":33},"end":{"line":30,"column":34}},"loc":{"start":{"line":30,"column":53},"end":{"line":32,"column":1}},"line":30},"5":{"name":"(anonymous_5)","decl":{"start":{"line":34,"column":35},"end":{"line":34,"column":36}},"loc":{"start":{"line":34,"column":55},"end":{"line":36,"column":1}},"line":34},"6":{"name":"(anonymous_6)","decl":{"start":{"line":38,"column":35},"end":{"line":38,"column":36}},"loc":{"start":{"line":38,"column":55},"end":{"line":40,"column":1}},"line":38},"7":{"name":"(anonymous_7)","decl":{"start":{"line":42,"column":38},"end":{"line":42,"column":39}},"loc":{"start":{"line":42,"column":58},"end":{"line":44,"column":1}},"line":42}},"branchMap":{},"s":{"0":0,"1":0,"2":0,"3":0,"4":0,"5":0,"6":0,"7":0,"8":0,"9":0,"10":0,"11":0,"12":0,"13":0,"14":0,"15":0,"16":0,"17":0,"18":0,"19":0},"f":{"0":0,"1":0,"2":0,"3":0,"4":0,"5":0,"6":0,"7":0},"b":{}}
,"/app/modules/auth/controller/inspectorFormController.js": {"path":"/app/modules/auth/controller/inspectorFormController.js","statementMap":{"0":{"start":{"line":7,"column":35},"end":{"line":68,"column":1}},"1":{"start":{"line":8,"column":2},"end":{"line":67,"column":3}},"2":{"start":{"line":13,"column":8},"end":{"line":13,"column":16}},"3":{"start":{"line":15,"column":25},"end":{"line":15,"column":37}},"4":{"start":{"line":18,"column":4},"end":{"line":20,"column":5}},"5":{"start":{"line":19,"column":6},"end":{"line":19,"column":100}},"6":{"start":{"line":23,"column":4},"end":{"line":44,"column":5}},"7":{"start":{"line":24,"column":6},"end":{"line":26,"column":7}},"8":{"start":{"line":25,"column":8},"end":{"line":25,"column":111}},"9":{"start":{"line":28,"column":6},"end":{"line":43,"column":7}},"10":{"start":{"line":29,"column":8},"end":{"line":32,"column":9}},"11":{"start":{"line":31,"column":10},"end":{"line":31,"column":106}},"12":{"start":{"line":35,"column":8},"end":{"line":37,"column":9}},"13":{"start":{"line":36,"column":10},"end":{"line":36,"column":89}},"14":{"start":{"line":40,"column":8},"end":{"line":42,"column":9}},"15":{"start":{"line":41,"column":10},"end":{"line":41,"column":88}},"16":{"start":{"line":46,"column":30},"end":{"line":46,"column":84}},"17":{"start":{"line":47,"column":4},"end":{"line":47,"column":101}},"18":{"start":{"line":47,"column":28},"end":{"line":47,"column":101}},"19":{"start":{"line":49,"column":26},"end":{"line":56,"column":6}},"20":{"start":{"line":58,"column":4},"end":{"line":58,"column":31}},"21":{"start":{"line":60,"column":4},"end":{"line":63,"column":7}},"22":{"start":{"line":65,"column":4},"end":{"line":65,"column":59}},"23":{"start":{"line":66,"column":4},"end":{"line":66,"column":85}},"24":{"start":{"line":71,"column":35},"end":{"line":91,"column":1}},"25":{"start":{"line":72,"column":2},"end":{"line":90,"column":3}},"26":{"start":{"line":73,"column":23},"end":{"line":73,"column":33}},"27":{"start":{"line":74,"column":25},"end":{"line":74,"column":37}},"28":{"start":{"line":76,"column":17},"end":{"line":76,"column":53}},"29":{"start":{"line":77,"column":4},"end":{"line":77,"column":74}},"30":{"start":{"line":77,"column":15},"end":{"line":77,"column":74}},"31":{"start":{"line":78,"column":4},"end":{"line":78,"column":125}},"32":{"start":{"line":78,"column":66},"end":{"line":78,"column":125}},"33":{"start":{"line":79,"column":4},"end":{"line":79,"column":112}},"34":{"start":{"line":79,"column":31},"end":{"line":79,"column":112}},"35":{"start":{"line":82,"column":23},"end":{"line":82,"column":85}},"36":{"start":{"line":82,"column":57},"end":{"line":82,"column":66}},"37":{"start":{"line":84,"column":23},"end":{"line":84,"column":50}},"38":{"start":{"line":86,"column":24},"end":{"line":86,"column":96}},"39":{"start":{"line":87,"column":4},"end":{"line":87,"column":86}},"40":{"start":{"line":89,"column":4},"end":{"line":89,"column":85}},"41":{"start":{"line":94,"column":35},"end":{"line":112,"column":1}},"42":{"start":{"line":95,"column":2},"end":{"line":111,"column":3}},"43":{"start":{"line":96,"column":23},"end":{"line":96,"column":33}},"44":{"start":{"line":97,"column":25},"end":{"line":97,"column":37}},"45":{"start":{"line":99,"column":17},"end":{"line":99,"column":53}},"46":{"start":{"line":100,"column":4},"end":{"line":100,"column":74}},"47":{"start":{"line":100,"column":15},"end":{"line":100,"column":74}},"48":{"start":{"line":101,"column":4},"end":{"line":101,"column":125}},"49":{"start":{"line":101,"column":66},"end":{"line":101,"column":125}},"50":{"start":{"line":102,"column":4},"end":{"line":102,"column":112}},"51":{"start":{"line":102,"column":31},"end":{"line":102,"column":112}},"52":{"start":{"line":104,"column":4},"end":{"line":104,"column":41}},"53":{"start":{"line":105,"column":4},"end":{"line":105,"column":30}},"54":{"start":{"line":106,"column":4},"end":{"line":106,"column":22}},"55":{"start":{"line":108,"column":4},"end":{"line":108,"column":75}},"56":{"start":{"line":110,"column":4},"end":{"line":110,"column":85}},"57":{"start":{"line":115,"column":38},"end":{"line":150,"column":1}},"58":{"start":{"line":116,"column":2},"end":{"line":149,"column":3}},"59":{"start":{"line":117,"column":23},"end":{"line":117,"column":33}},"60":{"start":{"line":118,"column":17},"end":{"line":118,"column":53}},"61":{"start":{"line":119,"column":4},"end":{"line":119,"column":74}},"62":{"start":{"line":119,"column":15},"end":{"line":119,"column":74}},"63":{"start":{"line":120,"column":4},"end":{"line":120,"column":100}},"64":{"start":{"line":120,"column":31},"end":{"line":120,"column":100}},"65":{"start":{"line":122,"column":19},"end":{"line":131,"column":6}},"66":{"start":{"line":132,"column":4},"end":{"line":132,"column":24}},"67":{"start":{"line":134,"column":4},"end":{"line":134,"column":33}},"68":{"start":{"line":135,"column":4},"end":{"line":135,"column":22}},"69":{"start":{"line":138,"column":4},"end":{"line":144,"column":5}},"70":{"start":{"line":139,"column":27},"end":{"line":139,"column":100}},"71":{"start":{"line":140,"column":6},"end":{"line":140,"column":72}},"72":{"start":{"line":142,"column":6},"end":{"line":142,"column":77}},"73":{"start":{"line":146,"column":4},"end":{"line":146,"column":85}},"74":{"start":{"line":148,"column":4},"end":{"line":148,"column":53}},"75":{"start":{"line":153,"column":35},"end":{"line":163,"column":1}},"76":{"start":{"line":154,"column":2},"end":{"line":162,"column":3}},"77":{"start":{"line":155,"column":25},"end":{"line":155,"column":37}},"78":{"start":{"line":156,"column":18},"end":{"line":158,"column":30}},"79":{"start":{"line":159,"column":4},"end":{"line":159,"column":77}},"80":{"start":{"line":161,"column":4},"end":{"line":161,"column":88}},"81":{"start":{"line":166,"column":33},"end":{"line":173,"column":1}},"82":{"start":{"line":167,"column":2},"end":{"line":172,"column":3}},"83":{"start":{"line":168,"column":18},"end":{"line":168,"column":111}},"84":{"start":{"line":169,"column":4},"end":{"line":169,"column":77}},"85":{"start":{"line":171,"column":4},"end":{"line":171,"column":53}},"86":{"start":{"line":176,"column":36},"end":{"line":185,"column":1}},"87":{"start":{"line":177,"column":2},"end":{"line":184,"column":3}},"88":{"start":{"line":178,"column":23},"end":{"line":178,"column":33}},"89":{"start":{"line":179,"column":17},"end":{"line":179,"column":96}},"90":{"start":{"line":180,"column":4},"end":{"line":180,"column":74}},"91":{"start":{"line":180,"column":15},"end":{"line":180,"column":74}},"92":{"start":{"line":181,"column":4},"end":{"line":181,"column":75}},"93":{"start":{"line":183,"column":4},"end":{"line":183,"column":53}},"94":{"start":{"line":188,"column":35},"end":{"line":198,"column":1}},"95":{"start":{"line":189,"column":2},"end":{"line":197,"column":3}},"96":{"start":{"line":190,"column":23},"end":{"line":190,"column":33}},"97":{"start":{"line":191,"column":17},"end":{"line":191,"column":53}},"98":{"start":{"line":192,"column":4},"end":{"line":192,"column":74}},"99":{"start":{"line":192,"column":15},"end":{"line":192,"column":74}},"100":{"start":{"line":193,"column":4},"end":{"line":193,"column":24}},"101":{"start":{"line":194,"column":4},"end":{"line":194,"column":67}},"102":{"start":{"line":196,"column":4},"end":{"line":196,"column":53}}},"fnMap":{"0":{"name":"(anonymous_0)","decl":{"start":{"line":7,"column":35},"end":{"line":7,"column":36}},"loc":{"start":{"line":7,"column":55},"end":{"line":68,"column":1}},"line":7},"1":{"name":"(anonymous_1)","decl":{"start":{"line":71,"column":35},"end":{"line":71,"column":36}},"loc":{"start":{"line":71,"column":55},"end":{"line":91,"column":1}},"line":71},"2":{"name":"(anonymous_2)","decl":{"start":{"line":82,"column":49},"end":{"line":82,"column":50}},"loc":{"start":{"line":82,"column":57},"end":{"line":82,"column":66}},"line":82},"3":{"name":"(anonymous_3)","decl":{"start":{"line":94,"column":35},"end":{"line":94,"column":36}},"loc":{"start":{"line":94,"column":55},"end":{"line":112,"column":1}},"line":94},"4":{"name":"(anonymous_4)","decl":{"start":{"line":115,"column":38},"end":{"line":115,"column":39}},"loc":{"start":{"line":115,"column":58},"end":{"line":150,"column":1}},"line":115},"5":{"name":"(anonymous_5)","decl":{"start":{"line":153,"column":35},"end":{"line":153,"column":36}},"loc":{"start":{"line":153,"column":55},"end":{"line":163,"column":1}},"line":153},"6":{"name":"(anonymous_6)","decl":{"start":{"line":166,"column":33},"end":{"line":166,"column":34}},"loc":{"start":{"line":166,"column":53},"end":{"line":173,"column":1}},"line":166},"7":{"name":"(anonymous_7)","decl":{"start":{"line":176,"column":36},"end":{"line":176,"column":37}},"loc":{"start":{"line":176,"column":56},"end":{"line":185,"column":1}},"line":176},"8":{"name":"(anonymous_8)","decl":{"start":{"line":188,"column":35},"end":{"line":188,"column":36}},"loc":{"start":{"line":188,"column":55},"end":{"line":198,"column":1}},"line":188}},"branchMap":{"0":{"loc":{"start":{"line":18,"column":4},"end":{"line":20,"column":5}},"type":"if","locations":[{"start":{"line":18,"column":4},"end":{"line":20,"column":5}},{"start":{},"end":{}}],"line":18},"1":{"loc":{"start":{"line":18,"column":8},"end":{"line":18,"column":89}},"type":"binary-expr","locations":[{"start":{"line":18,"column":8},"end":{"line":18,"column":29}},{"start":{"line":18,"column":33},"end":{"line":18,"column":40}},{"start":{"line":18,"column":44},"end":{"line":18,"column":66}},{"start":{"line":18,"column":70},"end":{"line":18,"column":89}}],"line":18},"2":{"loc":{"start":{"line":24,"column":6},"end":{"line":26,"column":7}},"type":"if","locations":[{"start":{"line":24,"column":6},"end":{"line":26,"column":7}},{"start":{},"end":{}}],"line":24},"3":{"loc":{"start":{"line":24,"column":10},"end":{"line":24,"column":104}},"type":"binary-expr","locations":[{"start":{"line":24,"column":10},"end":{"line":24,"column":29}},{"start":{"line":24,"column":33},"end":{"line":24,"column":45}},{"start":{"line":24,"column":49},"end":{"line":24,"column":76}},{"start":{"line":24,"column":80},"end":{"line":24,"column":104}}],"line":24},"4":{"loc":{"start":{"line":29,"column":8},"end":{"line":32,"column":9}},"type":"if","locations":[{"start":{"line":29,"column":8},"end":{"line":32,"column":9}},{"start":{},"end":{}}],"line":29},"5":{"loc":{"start":{"line":29,"column":12},"end":{"line":30,"column":88}},"type":"binary-expr","locations":[{"start":{"line":29,"column":12},"end":{"line":29,"column":27}},{"start":{"line":29,"column":31},"end":{"line":29,"column":47}},{"start":{"line":30,"column":12},"end":{"line":30,"column":35}},{"start":{"line":30,"column":39},"end":{"line":30,"column":61}},{"start":{"line":30,"column":65},"end":{"line":30,"column":88}}],"line":29},"6":{"loc":{"start":{"line":35,"column":8},"end":{"line":37,"column":9}},"type":"if","locations":[{"start":{"line":35,"column":8},"end":{"line":37,"column":9}},{"start":{},"end":{}}],"line":35},"7":{"loc":{"start":{"line":40,"column":8},"end":{"line":42,"column":9}},"type":"if","locations":[{"start":{"line":40,"column":8},"end":{"line":42,"column":9}},{"start":{},"end":{}}],"line":40},"8":{"loc":{"start":{"line":40,"column":12},"end":{"line":40,"column":106}},"type":"binary-expr","locations":[{"start":{"line":40,"column":12},"end":{"line":40,"column":41}},{"start":{"line":40,"column":45},"end":{"line":40,"column":73}},{"start":{"line":40,"column":77},"end":{"line":40,"column":106}}],"line":40},"9":{"loc":{"start":{"line":47,"column":4},"end":{"line":47,"column":101}},"type":"if","locations":[{"start":{"line":47,"column":4},"end":{"line":47,"column":101}},{"start":{},"end":{}}],"line":47},"10":{"loc":{"start":{"line":77,"column":4},"end":{"line":77,"column":74}},"type":"if","locations":[{"start":{"line":77,"column":4},"end":{"line":77,"column":74}},{"start":{},"end":{}}],"line":77},"11":{"loc":{"start":{"line":78,"column":4},"end":{"line":78,"column":125}},"type":"if","locations":[{"start":{"line":78,"column":4},"end":{"line":78,"column":125}},{"start":{},"end":{}}],"line":78},"12":{"loc":{"start":{"line":79,"column":4},"end":{"line":79,"column":112}},"type":"if","locations":[{"start":{"line":79,"column":4},"end":{"line":79,"column":112}},{"start":{},"end":{}}],"line":79},"13":{"loc":{"start":{"line":82,"column":23},"end":{"line":82,"column":85}},"type":"cond-expr","locations":[{"start":{"line":82,"column":35},"end":{"line":82,"column":67}},{"start":{"line":82,"column":70},"end":{"line":82,"column":85}}],"line":82},"14":{"loc":{"start":{"line":100,"column":4},"end":{"line":100,"column":74}},"type":"if","locations":[{"start":{"line":100,"column":4},"end":{"line":100,"column":74}},{"start":{},"end":{}}],"line":100},"15":{"loc":{"start":{"line":101,"column":4},"end":{"line":101,"column":125}},"type":"if","locations":[{"start":{"line":101,"column":4},"end":{"line":101,"column":125}},{"start":{},"end":{}}],"line":101},"16":{"loc":{"start":{"line":102,"column":4},"end":{"line":102,"column":112}},"type":"if","locations":[{"start":{"line":102,"column":4},"end":{"line":102,"column":112}},{"start":{},"end":{}}],"line":102},"17":{"loc":{"start":{"line":119,"column":4},"end":{"line":119,"column":74}},"type":"if","locations":[{"start":{"line":119,"column":4},"end":{"line":119,"column":74}},{"start":{},"end":{}}],"line":119},"18":{"loc":{"start":{"line":120,"column":4},"end":{"line":120,"column":100}},"type":"if","locations":[{"start":{"line":120,"column":4},"end":{"line":120,"column":100}},{"start":{},"end":{}}],"line":120},"19":{"loc":{"start":{"line":125,"column":20},"end":{"line":125,"column":46}},"type":"binary-expr","locations":[{"start":{"line":125,"column":20},"end":{"line":125,"column":37}},{"start":{"line":125,"column":41},"end":{"line":125,"column":46}}],"line":125},"20":{"loc":{"start":{"line":126,"column":24},"end":{"line":126,"column":54}},"type":"binary-expr","locations":[{"start":{"line":126,"column":24},"end":{"line":126,"column":45}},{"start":{"line":126,"column":49},"end":{"line":126,"column":54}}],"line":126},"21":{"loc":{"start":{"line":129,"column":22},"end":{"line":129,"column":65}},"type":"binary-expr","locations":[{"start":{"line":129,"column":22},"end":{"line":129,"column":42}},{"start":{"line":129,"column":46},"end":{"line":129,"column":65}}],"line":129},"22":{"loc":{"start":{"line":180,"column":4},"end":{"line":180,"column":74}},"type":"if","locations":[{"start":{"line":180,"column":4},"end":{"line":180,"column":74}},{"start":{},"end":{}}],"line":180},"23":{"loc":{"start":{"line":192,"column":4},"end":{"line":192,"column":74}},"type":"if","locations":[{"start":{"line":192,"column":4},"end":{"line":192,"column":74}},{"start":{},"end":{}}],"line":192}},"s":{"0":0,"1":0,"2":0,"3":0,"4":0,"5":0,"6":0,"7":0,"8":0,"9":0,"10":0,"11":0,"12":0,"13":0,"14":0,"15":0,"16":0,"17":0,"18":0,"19":0,"20":0,"21":0,"22":0,"23":0,"24":0,"25":0,"26":0,"27":0,"28":0,"29":0,"30":0,"31":0,"32":0,"33":0,"34":0,"35":0,"36":0,"37":0,"38":0,"39":0,"40":0,"41":0,"42":0,"43":0,"44":0,"45":0,"46":0,"47":0,"48":0,"49":0,"50":0,"51":0,"52":0,"53":0,"54":0,"55":0,"56":0,"57":0,"58":0,"59":0,"60":0,"61":0,"62":0,"63":0,"64":0,"65":0,"66":0,"67":0,"68":0,"69":0,"70":0,"71":0,"72":0,"73":0,"74":0,"75":0,"76":0,"77":0,"78":0,"79":0,"80":0,"81":0,"82":0,"83":0,"84":0,"85":0,"86":0,"87":0,"88":0,"89":0,"90":0,"91":0,"92":0,"93":0,"94":0,"95":0,"96":0,"97":0,"98":0,"99":0,"100":0,"101":0,"102":0},"f":{"0":0,"1":0,"2":0,"3":0,"4":0,"5":0,"6":0,"7":0,"8":0},"b":{"0":[0,0],"1":[0,0,0,0],"2":[0,0],"3":[0,0,0,0],"4":[0,0],"5":[0,0,0,0,0],"6":[0,0],"7":[0,0],"8":[0,0,0],"9":[0,0],"10":[0,0],"11":[0,0],"12":[0,0],"13":[0,0],"14":[0,0],"15":[0,0],"16":[0,0],"17":[0,0],"18":[0,0],"19":[0,0],"20":[0,0],"21":[0,0],"22":[0,0],"23":[0,0]}}
,"/app/modules/auth/controller/inspectorLocationController.js": {"path":"/app/modules/auth/controller/inspectorLocationController.js","statementMap":{"0":{"start":{"line":5,"column":30},"end":{"line":26,"column":1}},"1":{"start":{"line":6,"column":2},"end":{"line":25,"column":3}},"2":{"start":{"line":7,"column":46},"end":{"line":7,"column":54}},"3":{"start":{"line":8,"column":4},"end":{"line":10,"column":5}},"4":{"start":{"line":9,"column":6},"end":{"line":9,"column":75}},"5":{"start":{"line":12,"column":21},"end":{"line":21,"column":5}},"6":{"start":{"line":22,"column":4},"end":{"line":22,"column":69}},"7":{"start":{"line":24,"column":4},"end":{"line":24,"column":51}},"8":{"start":{"line":29,"column":31},"end":{"line":37,"column":1}},"9":{"start":{"line":30,"column":2},"end":{"line":36,"column":3}},"10":{"start":{"line":31,"column":22},"end":{"line":32,"column":56}},"11":{"start":{"line":33,"column":4},"end":{"line":33,"column":36}},"12":{"start":{"line":35,"column":4},"end":{"line":35,"column":51}},"13":{"start":{"line":40,"column":36},"end":{"line":50,"column":1}},"14":{"start":{"line":41,"column":2},"end":{"line":49,"column":3}},"15":{"start":{"line":42,"column":28},"end":{"line":42,"column":38}},"16":{"start":{"line":43,"column":21},"end":{"line":44,"column":56}},"17":{"start":{"line":45,"column":4},"end":{"line":45,"column":83}},"18":{"start":{"line":45,"column":19},"end":{"line":45,"column":83}},"19":{"start":{"line":46,"column":4},"end":{"line":46,"column":35}},"20":{"start":{"line":48,"column":4},"end":{"line":48,"column":51}}},"fnMap":{"0":{"name":"(anonymous_0)","decl":{"start":{"line":5,"column":30},"end":{"line":5,"column":31}},"loc":{"start":{"line":5,"column":50},"end":{"line":26,"column":1}},"line":5},"1":{"name":"(anonymous_1)","decl":{"start":{"line":29,"column":31},"end":{"line":29,"column":32}},"loc":{"start":{"line":29,"column":51},"end":{"line":37,"column":1}},"line":29},"2":{"name":"(anonymous_2)","decl":{"start":{"line":40,"column":36},"end":{"line":40,"column":37}},"loc":{"start":{"line":40,"column":56},"end":{"line":50,"column":1}},"line":40}},"branchMap":{"0":{"loc":{"start":{"line":8,"column":4},"end":{"line":10,"column":5}},"type":"if","locations":[{"start":{"line":8,"column":4},"end":{"line":10,"column":5}},{"start":{},"end":{}}],"line":8},"1":{"loc":{"start":{"line":8,"column":8},"end":{"line":8,"column":62}},"type":"binary-expr","locations":[{"start":{"line":8,"column":8},"end":{"line":8,"column":20}},{"start":{"line":8,"column":24},"end":{"line":8,"column":41}},{"start":{"line":8,"column":45},"end":{"line":8,"column":62}}],"line":8},"2":{"loc":{"start":{"line":18,"column":16},"end":{"line":18,"column":37}},"type":"binary-expr","locations":[{"start":{"line":18,"column":16},"end":{"line":18,"column":22}},{"start":{"line":18,"column":26},"end":{"line":18,"column":37}}],"line":18},"3":{"loc":{"start":{"line":45,"column":4},"end":{"line":45,"column":83}},"type":"if","locations":[{"start":{"line":45,"column":4},"end":{"line":45,"column":83}},{"start":{},"end":{}}],"line":45}},"s":{"0":0,"1":0,"2":0,"3":0,"4":0,"5":0,"6":0,"7":0,"8":0,"9":0,"10":0,"11":0,"12":0,"13":0,"14":0,"15":0,"16":0,"17":0,"18":0,"19":0,"20":0},"f":{"0":0,"1":0,"2":0},"b":{"0":[0,0],"1":[0,0,0],"2":[0,0],"3":[0,0]}}
,"/app/modules/auth/controller/paymentReceiptController.js": {"path":"/app/modules/auth/controller/paymentReceiptController.js","statementMap":{"0":{"start":{"line":9,"column":2},"end":{"line":34,"column":3}},"1":{"start":{"line":10,"column":28},"end":{"line":10,"column":72}},"2":{"start":{"line":11,"column":4},"end":{"line":11,"column":45}},"3":{"start":{"line":11,"column":38},"end":{"line":11,"column":45}},"4":{"start":{"line":13,"column":24},"end":{"line":15,"column":64}},"5":{"start":{"line":17,"column":22},"end":{"line":23,"column":5}},"6":{"start":{"line":25,"column":4},"end":{"line":31,"column":5}},"7":{"start":{"line":26,"column":6},"end":{"line":30,"column":9}},"8":{"start":{"line":33,"column":4},"end":{"line":33,"column":51}},"9":{"start":{"line":39,"column":20},"end":{"line":43,"column":3}},"10":{"start":{"line":45,"column":2},"end":{"line":49,"column":5}},"11":{"start":{"line":55,"column":29},"end":{"line":87,"column":1}},"12":{"start":{"line":56,"column":2},"end":{"line":86,"column":3}},"13":{"start":{"line":57,"column":22},"end":{"line":57,"column":32}},"14":{"start":{"line":59,"column":4},"end":{"line":61,"column":5}},"15":{"start":{"line":60,"column":6},"end":{"line":60,"column":67}},"16":{"start":{"line":63,"column":20},"end":{"line":63,"column":72}},"17":{"start":{"line":64,"column":4},"end":{"line":64,"column":86}},"18":{"start":{"line":64,"column":18},"end":{"line":64,"column":86}},"19":{"start":{"line":66,"column":4},"end":{"line":70,"column":5}},"20":{"start":{"line":67,"column":6},"end":{"line":67,"column":33}},"21":{"start":{"line":68,"column":6},"end":{"line":68,"column":27}},"22":{"start":{"line":69,"column":6},"end":{"line":69,"column":70}},"23":{"start":{"line":72,"column":4},"end":{"line":74,"column":5}},"24":{"start":{"line":73,"column":6},"end":{"line":73,"column":71}},"25":{"start":{"line":76,"column":4},"end":{"line":76,"column":32}},"26":{"start":{"line":77,"column":4},"end":{"line":77,"column":44}},"27":{"start":{"line":78,"column":4},"end":{"line":78,"column":37}},"28":{"start":{"line":79,"column":4},"end":{"line":79,"column":25}},"29":{"start":{"line":81,"column":4},"end":{"line":81,"column":40}},"30":{"start":{"line":83,"column":4},"end":{"line":83,"column":76}},"31":{"start":{"line":85,"column":4},"end":{"line":85,"column":51}},"32":{"start":{"line":90,"column":36},"end":{"line":123,"column":1}},"33":{"start":{"line":91,"column":2},"end":{"line":122,"column":3}},"34":{"start":{"line":92,"column":26},"end":{"line":92,"column":36}},"35":{"start":{"line":93,"column":23},"end":{"line":93,"column":31}},"36":{"start":{"line":95,"column":4},"end":{"line":97,"column":5}},"37":{"start":{"line":96,"column":6},"end":{"line":96,"column":65}},"38":{"start":{"line":99,"column":20},"end":{"line":101,"column":36}},"39":{"start":{"line":103,"column":4},"end":{"line":103,"column":80}},"40":{"start":{"line":103,"column":18},"end":{"line":103,"column":80}},"41":{"start":{"line":104,"column":4},"end":{"line":106,"column":5}},"42":{"start":{"line":105,"column":6},"end":{"line":105,"column":81}},"43":{"start":{"line":108,"column":4},"end":{"line":108,"column":32}},"44":{"start":{"line":109,"column":4},"end":{"line":109,"column":36}},"45":{"start":{"line":110,"column":4},"end":{"line":110,"column":25}},"46":{"start":{"line":113,"column":4},"end":{"line":115,"column":7}},"47":{"start":{"line":117,"column":4},"end":{"line":117,"column":47}},"48":{"start":{"line":119,"column":4},"end":{"line":119,"column":66}},"49":{"start":{"line":121,"column":4},"end":{"line":121,"column":51}},"50":{"start":{"line":126,"column":44},"end":{"line":153,"column":1}},"51":{"start":{"line":127,"column":2},"end":{"line":152,"column":3}},"52":{"start":{"line":128,"column":80},"end":{"line":128,"column":88}},"53":{"start":{"line":129,"column":18},"end":{"line":129,"column":30}},"54":{"start":{"line":131,"column":18},"end":{"line":131,"column":56}},"55":{"start":{"line":132,"column":25},"end":{"line":132,"column":71}},"56":{"start":{"line":134,"column":20},"end":{"line":143,"column":6}},"57":{"start":{"line":145,"column":4},"end":{"line":145,"column":25}},"58":{"start":{"line":147,"column":22},"end":{"line":147,"column":96}},"59":{"start":{"line":149,"column":4},"end":{"line":149,"column":73}},"60":{"start":{"line":151,"column":4},"end":{"line":151,"column":51}},"61":{"start":{"line":156,"column":39},"end":{"line":169,"column":1}},"62":{"start":{"line":157,"column":2},"end":{"line":168,"column":3}},"63":{"start":{"line":158,"column":26},"end":{"line":158,"column":36}},"64":{"start":{"line":159,"column":20},"end":{"line":161,"column":63}},"65":{"start":{"line":163,"column":4},"end":{"line":163,"column":72}},"66":{"start":{"line":163,"column":18},"end":{"line":163,"column":72}},"67":{"start":{"line":165,"column":4},"end":{"line":165,"column":22}},"68":{"start":{"line":167,"column":4},"end":{"line":167,"column":51}},"69":{"start":{"line":172,"column":36},"end":{"line":187,"column":1}},"70":{"start":{"line":173,"column":2},"end":{"line":186,"column":3}},"71":{"start":{"line":174,"column":26},"end":{"line":174,"column":36}},"72":{"start":{"line":176,"column":20},"end":{"line":176,"column":60}},"73":{"start":{"line":177,"column":4},"end":{"line":179,"column":5}},"74":{"start":{"line":178,"column":6},"end":{"line":178,"column":68}},"75":{"start":{"line":181,"column":4},"end":{"line":181,"column":54}},"76":{"start":{"line":183,"column":4},"end":{"line":183,"column":70}},"77":{"start":{"line":185,"column":4},"end":{"line":185,"column":51}},"78":{"start":{"line":190,"column":39},"end":{"line":219,"column":1}},"79":{"start":{"line":191,"column":2},"end":{"line":218,"column":3}},"80":{"start":{"line":192,"column":73},"end":{"line":192,"column":81}},"81":{"start":{"line":194,"column":4},"end":{"line":196,"column":5}},"82":{"start":{"line":195,"column":6},"end":{"line":195,"column":75}},"83":{"start":{"line":198,"column":22},"end":{"line":206,"column":5}},"84":{"start":{"line":208,"column":4},"end":{"line":212,"column":7}},"85":{"start":{"line":214,"column":4},"end":{"line":214,"column":69}},"86":{"start":{"line":216,"column":4},"end":{"line":216,"column":48}},"87":{"start":{"line":217,"column":4},"end":{"line":217,"column":62}},"88":{"start":{"line":222,"column":37},"end":{"line":233,"column":1}},"89":{"start":{"line":223,"column":2},"end":{"line":232,"column":3}},"90":{"start":{"line":224,"column":21},"end":{"line":226,"column":30}},"91":{"start":{"line":228,"column":4},"end":{"line":228,"column":23}},"92":{"start":{"line":230,"column":4},"end":{"line":230,"column":59}},"93":{"start":{"line":231,"column":4},"end":{"line":231,"column":74}}},"fnMap":{"0":{"name":"notifyFinanceManager","decl":{"start":{"line":8,"column":15},"end":{"line":8,"column":35}},"loc":{"start":{"line":8,"column":45},"end":{"line":35,"column":1}},"line":8},"1":{"name":"notifyClientPaymentVerified","decl":{"start":{"line":38,"column":15},"end":{"line":38,"column":42}},"loc":{"start":{"line":38,"column":52},"end":{"line":50,"column":1}},"line":38},"2":{"name":"(anonymous_2)","decl":{"start":{"line":55,"column":29},"end":{"line":55,"column":30}},"loc":{"start":{"line":55,"column":49},"end":{"line":87,"column":1}},"line":55},"3":{"name":"(anonymous_3)","decl":{"start":{"line":90,"column":36},"end":{"line":90,"column":37}},"loc":{"start":{"line":90,"column":56},"end":{"line":123,"column":1}},"line":90},"4":{"name":"(anonymous_4)","decl":{"start":{"line":126,"column":44},"end":{"line":126,"column":45}},"loc":{"start":{"line":126,"column":64},"end":{"line":153,"column":1}},"line":126},"5":{"name":"(anonymous_5)","decl":{"start":{"line":156,"column":39},"end":{"line":156,"column":40}},"loc":{"start":{"line":156,"column":59},"end":{"line":169,"column":1}},"line":156},"6":{"name":"(anonymous_6)","decl":{"start":{"line":172,"column":36},"end":{"line":172,"column":37}},"loc":{"start":{"line":172,"column":56},"end":{"line":187,"column":1}},"line":172},"7":{"name":"(anonymous_7)","decl":{"start":{"line":190,"column":39},"end":{"line":190,"column":40}},"loc":{"start":{"line":190,"column":59},"end":{"line":219,"column":1}},"line":190},"8":{"name":"(anonymous_8)","decl":{"start":{"line":222,"column":37},"end":{"line":222,"column":38}},"loc":{"start":{"line":222,"column":57},"end":{"line":233,"column":1}},"line":222}},"branchMap":{"0":{"loc":{"start":{"line":11,"column":4},"end":{"line":11,"column":45}},"type":"if","locations":[{"start":{"line":11,"column":4},"end":{"line":11,"column":45}},{"start":{},"end":{}}],"line":11},"1":{"loc":{"start":{"line":59,"column":4},"end":{"line":61,"column":5}},"type":"if","locations":[{"start":{"line":59,"column":4},"end":{"line":61,"column":5}},{"start":{},"end":{}}],"line":59},"2":{"loc":{"start":{"line":64,"column":4},"end":{"line":64,"column":86}},"type":"if","locations":[{"start":{"line":64,"column":4},"end":{"line":64,"column":86}},{"start":{},"end":{}}],"line":64},"3":{"loc":{"start":{"line":66,"column":4},"end":{"line":70,"column":5}},"type":"if","locations":[{"start":{"line":66,"column":4},"end":{"line":70,"column":5}},{"start":{},"end":{}}],"line":66},"4":{"loc":{"start":{"line":72,"column":4},"end":{"line":74,"column":5}},"type":"if","locations":[{"start":{"line":72,"column":4},"end":{"line":74,"column":5}},{"start":{},"end":{}}],"line":72},"5":{"loc":{"start":{"line":95,"column":4},"end":{"line":97,"column":5}},"type":"if","locations":[{"start":{"line":95,"column":4},"end":{"line":97,"column":5}},{"start":{},"end":{}}],"line":95},"6":{"loc":{"start":{"line":103,"column":4},"end":{"line":103,"column":80}},"type":"if","locations":[{"start":{"line":103,"column":4},"end":{"line":103,"column":80}},{"start":{},"end":{}}],"line":103},"7":{"loc":{"start":{"line":104,"column":4},"end":{"line":106,"column":5}},"type":"if","locations":[{"start":{"line":104,"column":4},"end":{"line":106,"column":5}},{"start":{},"end":{}}],"line":104},"8":{"loc":{"start":{"line":163,"column":4},"end":{"line":163,"column":72}},"type":"if","locations":[{"start":{"line":163,"column":4},"end":{"line":163,"column":72}},{"start":{},"end":{}}],"line":163},"9":{"loc":{"start":{"line":177,"column":4},"end":{"line":179,"column":5}},"type":"if","locations":[{"start":{"line":177,"column":4},"end":{"line":179,"column":5}},{"start":{},"end":{}}],"line":177},"10":{"loc":{"start":{"line":194,"column":4},"end":{"line":196,"column":5}},"type":"if","locations":[{"start":{"line":194,"column":4},"end":{"line":196,"column":5}},{"start":{},"end":{}}],"line":194},"11":{"loc":{"start":{"line":200,"column":16},"end":{"line":200,"column":38}},"type":"binary-expr","locations":[{"start":{"line":200,"column":16},"end":{"line":200,"column":26}},{"start":{"line":200,"column":30},"end":{"line":200,"column":38}}],"line":200}},"s":{"0":0,"1":0,"2":0,"3":0,"4":0,"5":0,"6":0,"7":0,"8":0,"9":0,"10":0,"11":0,"12":0,"13":0,"14":0,"15":0,"16":0,"17":0,"18":0,"19":0,"20":0,"21":0,"22":0,"23":0,"24":0,"25":0,"26":0,"27":0,"28":0,"29":0,"30":0,"31":0,"32":0,"33":0,"34":0,"35":0,"36":0,"37":0,"38":0,"39":0,"40":0,"41":0,"42":0,"43":0,"44":0,"45":0,"46":0,"47":0,"48":0,"49":0,"50":0,"51":0,"52":0,"53":0,"54":0,"55":0,"56":0,"57":0,"58":0,"59":0,"60":0,"61":0,"62":0,"63":0,"64":0,"65":0,"66":0,"67":0,"68":0,"69":0,"70":0,"71":0,"72":0,"73":0,"74":0,"75":0,"76":0,"77":0,"78":0,"79":0,"80":0,"81":0,"82":0,"83":0,"84":0,"85":0,"86":0,"87":0,"88":0,"89":0,"90":0,"91":0,"92":0,"93":0},"f":{"0":0,"1":0,"2":0,"3":0,"4":0,"5":0,"6":0,"7":0,"8":0},"b":{"0":[0,0],"1":[0,0],"2":[0,0],"3":[0,0],"4":[0,0],"5":[0,0],"6":[0,0],"7":[0,0],"8":[0,0],"9":[0,0],"10":[0,0],"11":[0,0]}}
,"/app/modules/auth/controller/reportController.js": {"path":"/app/modules/auth/controller/reportController.js","statementMap":{"0":{"start":{"line":7,"column":28},"end":{"line":28,"column":1}},"1":{"start":{"line":8,"column":2},"end":{"line":27,"column":3}},"2":{"start":{"line":9,"column":110},"end":{"line":9,"column":118}},"3":{"start":{"line":10,"column":4},"end":{"line":12,"column":5}},"4":{"start":{"line":11,"column":6},"end":{"line":11,"column":75}},"5":{"start":{"line":13,"column":19},"end":{"line":22,"column":6}},"6":{"start":{"line":23,"column":4},"end":{"line":23,"column":24}},"7":{"start":{"line":24,"column":4},"end":{"line":24,"column":71}},"8":{"start":{"line":26,"column":4},"end":{"line":26,"column":51}},"9":{"start":{"line":31,"column":28},"end":{"line":49,"column":1}},"10":{"start":{"line":32,"column":2},"end":{"line":48,"column":3}},"11":{"start":{"line":33,"column":25},"end":{"line":33,"column":35}},"12":{"start":{"line":34,"column":44},"end":{"line":34,"column":52}},"13":{"start":{"line":35,"column":19},"end":{"line":35,"column":68}},"14":{"start":{"line":36,"column":4},"end":{"line":36,"column":79}},"15":{"start":{"line":36,"column":17},"end":{"line":36,"column":79}},"16":{"start":{"line":37,"column":4},"end":{"line":37,"column":36}},"17":{"start":{"line":37,"column":15},"end":{"line":37,"column":36}},"18":{"start":{"line":38,"column":4},"end":{"line":38,"column":57}},"19":{"start":{"line":38,"column":22},"end":{"line":38,"column":57}},"20":{"start":{"line":39,"column":4},"end":{"line":39,"column":56}},"21":{"start":{"line":39,"column":18},"end":{"line":39,"column":56}},"22":{"start":{"line":40,"column":4},"end":{"line":43,"column":5}},"23":{"start":{"line":41,"column":6},"end":{"line":41,"column":29}},"24":{"start":{"line":42,"column":6},"end":{"line":42,"column":66}},"25":{"start":{"line":42,"column":34},"end":{"line":42,"column":66}},"26":{"start":{"line":44,"column":4},"end":{"line":44,"column":24}},"27":{"start":{"line":45,"column":4},"end":{"line":45,"column":65}},"28":{"start":{"line":47,"column":4},"end":{"line":47,"column":51}},"29":{"start":{"line":52,"column":26},"end":{"line":66,"column":1}},"30":{"start":{"line":53,"column":2},"end":{"line":65,"column":3}},"31":{"start":{"line":54,"column":53},"end":{"line":54,"column":62}},"32":{"start":{"line":55,"column":19},"end":{"line":55,"column":21}},"33":{"start":{"line":56,"column":4},"end":{"line":56,"column":72}},"34":{"start":{"line":56,"column":27},"end":{"line":56,"column":72}},"35":{"start":{"line":57,"column":4},"end":{"line":57,"column":48}},"36":{"start":{"line":57,"column":19},"end":{"line":57,"column":48}},"37":{"start":{"line":58,"column":4},"end":{"line":58,"column":39}},"38":{"start":{"line":58,"column":16},"end":{"line":58,"column":39}},"39":{"start":{"line":59,"column":20},"end":{"line":61,"column":42}},"40":{"start":{"line":62,"column":4},"end":{"line":62,"column":34}},"41":{"start":{"line":64,"column":4},"end":{"line":64,"column":51}},"42":{"start":{"line":69,"column":28},"end":{"line":105,"column":1}},"43":{"start":{"line":70,"column":2},"end":{"line":104,"column":3}},"44":{"start":{"line":71,"column":25},"end":{"line":71,"column":35}},"45":{"start":{"line":72,"column":32},"end":{"line":72,"column":40}},"46":{"start":{"line":73,"column":19},"end":{"line":73,"column":64}},"47":{"start":{"line":74,"column":4},"end":{"line":74,"column":79}},"48":{"start":{"line":74,"column":17},"end":{"line":74,"column":79}},"49":{"start":{"line":75,"column":4},"end":{"line":86,"column":5}},"50":{"start":{"line":76,"column":6},"end":{"line":76,"column":33}},"51":{"start":{"line":77,"column":6},"end":{"line":77,"column":37}},"52":{"start":{"line":78,"column":11},"end":{"line":86,"column":5}},"53":{"start":{"line":79,"column":6},"end":{"line":79,"column":33}},"54":{"start":{"line":80,"column":6},"end":{"line":80,"column":37}},"55":{"start":{"line":81,"column":11},"end":{"line":86,"column":5}},"56":{"start":{"line":82,"column":6},"end":{"line":82,"column":33}},"57":{"start":{"line":83,"column":6},"end":{"line":83,"column":37}},"58":{"start":{"line":85,"column":6},"end":{"line":85,"column":66}},"59":{"start":{"line":87,"column":4},"end":{"line":87,"column":42}},"60":{"start":{"line":87,"column":17},"end":{"line":87,"column":42}},"61":{"start":{"line":88,"column":4},"end":{"line":88,"column":24}},"62":{"start":{"line":91,"column":4},"end":{"line":99,"column":5}},"63":{"start":{"line":92,"column":6},"end":{"line":96,"column":8}},"64":{"start":{"line":98,"column":6},"end":{"line":98,"column":97}},"65":{"start":{"line":101,"column":4},"end":{"line":101,"column":68}},"66":{"start":{"line":103,"column":4},"end":{"line":103,"column":51}},"67":{"start":{"line":110,"column":30},"end":{"line":141,"column":1}},"68":{"start":{"line":111,"column":2},"end":{"line":140,"column":3}},"69":{"start":{"line":112,"column":61},"end":{"line":112,"column":69}},"70":{"start":{"line":115,"column":19},"end":{"line":122,"column":6}},"71":{"start":{"line":124,"column":4},"end":{"line":124,"column":24}},"72":{"start":{"line":127,"column":4},"end":{"line":131,"column":5}},"73":{"start":{"line":128,"column":6},"end":{"line":128,"column":76}},"74":{"start":{"line":130,"column":6},"end":{"line":130,"column":77}},"75":{"start":{"line":133,"column":4},"end":{"line":136,"column":7}},"76":{"start":{"line":138,"column":4},"end":{"line":138,"column":53}},"77":{"start":{"line":139,"column":4},"end":{"line":139,"column":53}},"78":{"start":{"line":144,"column":37},"end":{"line":156,"column":1}},"79":{"start":{"line":145,"column":2},"end":{"line":155,"column":3}},"80":{"start":{"line":146,"column":28},"end":{"line":146,"column":38}},"81":{"start":{"line":147,"column":20},"end":{"line":149,"column":44}},"82":{"start":{"line":151,"column":4},"end":{"line":151,"column":34}},"83":{"start":{"line":153,"column":4},"end":{"line":153,"column":52}},"84":{"start":{"line":154,"column":4},"end":{"line":154,"column":53}},"85":{"start":{"line":159,"column":28},"end":{"line":183,"column":1}},"86":{"start":{"line":160,"column":2},"end":{"line":182,"column":3}},"87":{"start":{"line":161,"column":25},"end":{"line":161,"column":35}},"88":{"start":{"line":162,"column":19},"end":{"line":163,"column":44}},"89":{"start":{"line":165,"column":4},"end":{"line":167,"column":5}},"90":{"start":{"line":166,"column":6},"end":{"line":166,"column":67}},"91":{"start":{"line":170,"column":4},"end":{"line":170,"column":53}},"92":{"start":{"line":171,"column":4},"end":{"line":171,"column":86}},"93":{"start":{"line":174,"column":4},"end":{"line":178,"column":7}},"94":{"start":{"line":180,"column":4},"end":{"line":180,"column":47}},"95":{"start":{"line":181,"column":4},"end":{"line":181,"column":53}}},"fnMap":{"0":{"name":"(anonymous_0)","decl":{"start":{"line":7,"column":28},"end":{"line":7,"column":29}},"loc":{"start":{"line":7,"column":48},"end":{"line":28,"column":1}},"line":7},"1":{"name":"(anonymous_1)","decl":{"start":{"line":31,"column":28},"end":{"line":31,"column":29}},"loc":{"start":{"line":31,"column":48},"end":{"line":49,"column":1}},"line":31},"2":{"name":"(anonymous_2)","decl":{"start":{"line":52,"column":26},"end":{"line":52,"column":27}},"loc":{"start":{"line":52,"column":46},"end":{"line":66,"column":1}},"line":52},"3":{"name":"(anonymous_3)","decl":{"start":{"line":69,"column":28},"end":{"line":69,"column":29}},"loc":{"start":{"line":69,"column":48},"end":{"line":105,"column":1}},"line":69},"4":{"name":"(anonymous_4)","decl":{"start":{"line":110,"column":30},"end":{"line":110,"column":31}},"loc":{"start":{"line":110,"column":50},"end":{"line":141,"column":1}},"line":110},"5":{"name":"(anonymous_5)","decl":{"start":{"line":144,"column":37},"end":{"line":144,"column":38}},"loc":{"start":{"line":144,"column":57},"end":{"line":156,"column":1}},"line":144},"6":{"name":"(anonymous_6)","decl":{"start":{"line":159,"column":28},"end":{"line":159,"column":29}},"loc":{"start":{"line":159,"column":48},"end":{"line":183,"column":1}},"line":159}},"branchMap":{"0":{"loc":{"start":{"line":10,"column":4},"end":{"line":12,"column":5}},"type":"if","locations":[{"start":{"line":10,"column":4},"end":{"line":12,"column":5}},{"start":{},"end":{}}],"line":10},"1":{"loc":{"start":{"line":10,"column":8},"end":{"line":10,"column":93}},"type":"binary-expr","locations":[{"start":{"line":10,"column":8},"end":{"line":10,"column":26}},{"start":{"line":10,"column":30},"end":{"line":10,"column":40}},{"start":{"line":10,"column":44},"end":{"line":10,"column":57}},{"start":{"line":10,"column":61},"end":{"line":10,"column":74}},{"start":{"line":10,"column":78},"end":{"line":10,"column":93}}],"line":10},"2":{"loc":{"start":{"line":19,"column":13},"end":{"line":19,"column":24}},"type":"binary-expr","locations":[{"start":{"line":19,"column":13},"end":{"line":19,"column":18}},{"start":{"line":19,"column":22},"end":{"line":19,"column":24}}],"line":19},"3":{"loc":{"start":{"line":20,"column":20},"end":{"line":20,"column":38}},"type":"binary-expr","locations":[{"start":{"line":20,"column":20},"end":{"line":20,"column":32}},{"start":{"line":20,"column":36},"end":{"line":20,"column":38}}],"line":20},"4":{"loc":{"start":{"line":36,"column":4},"end":{"line":36,"column":79}},"type":"if","locations":[{"start":{"line":36,"column":4},"end":{"line":36,"column":79}},{"start":{},"end":{}}],"line":36},"5":{"loc":{"start":{"line":37,"column":4},"end":{"line":37,"column":36}},"type":"if","locations":[{"start":{"line":37,"column":4},"end":{"line":37,"column":36}},{"start":{},"end":{}}],"line":37},"6":{"loc":{"start":{"line":38,"column":4},"end":{"line":38,"column":57}},"type":"if","locations":[{"start":{"line":38,"column":4},"end":{"line":38,"column":57}},{"start":{},"end":{}}],"line":38},"7":{"loc":{"start":{"line":39,"column":4},"end":{"line":39,"column":56}},"type":"if","locations":[{"start":{"line":39,"column":4},"end":{"line":39,"column":56}},{"start":{},"end":{}}],"line":39},"8":{"loc":{"start":{"line":40,"column":4},"end":{"line":43,"column":5}},"type":"if","locations":[{"start":{"line":40,"column":4},"end":{"line":43,"column":5}},{"start":{},"end":{}}],"line":40},"9":{"loc":{"start":{"line":40,"column":8},"end":{"line":40,"column":57}},"type":"binary-expr","locations":[{"start":{"line":40,"column":8},"end":{"line":40,"column":14}},{"start":{"line":40,"column":18},"end":{"line":40,"column":57}}],"line":40},"10":{"loc":{"start":{"line":42,"column":6},"end":{"line":42,"column":66}},"type":"if","locations":[{"start":{"line":42,"column":6},"end":{"line":42,"column":66}},{"start":{},"end":{}}],"line":42},"11":{"loc":{"start":{"line":56,"column":4},"end":{"line":56,"column":72}},"type":"if","locations":[{"start":{"line":56,"column":4},"end":{"line":56,"column":72}},{"start":{},"end":{}}],"line":56},"12":{"loc":{"start":{"line":57,"column":4},"end":{"line":57,"column":48}},"type":"if","locations":[{"start":{"line":57,"column":4},"end":{"line":57,"column":48}},{"start":{},"end":{}}],"line":57},"13":{"loc":{"start":{"line":58,"column":4},"end":{"line":58,"column":39}},"type":"if","locations":[{"start":{"line":58,"column":4},"end"
[...]
e":29,"column":4},"end":{"line":29,"column":59}},"8":{"start":{"line":33,"column":2},"end":{"line":41,"column":3}},"9":{"start":{"line":34,"column":18},"end":{"line":34,"column":28}},"10":{"start":{"line":35,"column":4},"end":{"line":35,"column":31}},"11":{"start":{"line":36,"column":20},"end":{"line":36,"column":47}},"12":{"start":{"line":38,"column":4},"end":{"line":40,"column":5}},"13":{"start":{"line":39,"column":6},"end":{"line":39,"column":66}},"14":{"start":{"line":43,"column":2},"end":{"line":43,"column":16}},"15":{"start":{"line":46,"column":45},"end":{"line":49,"column":1}},"16":{"start":{"line":48,"column":2},"end":{"line":48,"column":45}}},"fnMap":{"0":{"name":"(anonymous_0)","decl":{"start":{"line":3,"column":45},"end":{"line":3,"column":46}},"loc":{"start":{"line":3,"column":55},"end":{"line":44,"column":1}},"line":3},"1":{"name":"(anonymous_1)","decl":{"start":{"line":21,"column":25},"end":{"line":21,"column":26}},"loc":{"start":{"line":21,"column":36},"end":{"line":25,"column":3}},"line":21},"2":{"name":"(anonymous_2)","decl":{"start":{"line":46,"column":45},"end":{"line":46,"column":46}},"loc":{"start":{"line":46,"column":55},"end":{"line":49,"column":1}},"line":46}},"branchMap":{"0":{"loc":{"start":{"line":22,"column":4},"end":{"line":24,"column":5}},"type":"if","locations":[{"start":{"line":22,"column":4},"end":{"line":24,"column":5}},{"start":{},"end":{}}],"line":22},"1":{"loc":{"start":{"line":22,"column":8},"end":{"line":22,"column":60}},"type":"binary-expr","locations":[{"start":{"line":22,"column":8},"end":{"line":22,"column":20}},{"start":{"line":22,"column":24},"end":{"line":22,"column":60}}],"line":22},"2":{"loc":{"start":{"line":28,"column":2},"end":{"line":30,"column":3}},"type":"if","locations":[{"start":{"line":28,"column":2},"end":{"line":30,"column":3}},{"start":{},"end":{}}],"line":28},"3":{"loc":{"start":{"line":28,"column":6},"end":{"line":28,"column":75}},"type":"binary-expr","locations":[{"start":{"line":28,"column":6},"end":{"line":28,"column":19}},{"start":{"line":28,"column":24},"end":{"line":28,"column":44}},{"start":{"line":28,"column":48},"end":{"line":28,"column":74}}],"line":28},"4":{"loc":{"start":{"line":33,"column":2},"end":{"line":41,"column":3}},"type":"if","locations":[{"start":{"line":33,"column":2},"end":{"line":41,"column":3}},{"start":{},"end":{}}],"line":33},"5":{"loc":{"start":{"line":38,"column":4},"end":{"line":40,"column":5}},"type":"if","locations":[{"start":{"line":38,"column":4},"end":{"line":40,"column":5}},{"start":{},"end":{}}],"line":38}},"s":{"0":0,"1":0,"2":0,"3":0,"4":0,"5":0,"6":0,"7":0,"8":0,"9":0,"10":0,"11":0,"12":0,"13":0,"14":0,"15":0,"16":0},"f":{"0":0,"1":0,"2":0},"b":{"0":[0,0],"1":[0,0],"2":[0,0],"3":[0,0,0],"4":[0,0],"5":[0,0]}}
,"/app/modules/warehouse-manager/validators/stockMovementValidator.js": {"path":"/app/modules/warehouse-manager/validators/stockMovementValidator.js","statementMap":{"0":{"start":{"line":3,"column":43},"end":{"line":74,"column":1}},"1":{"start":{"line":4,"column":17},"end":{"line":4,"column":19}},"2":{"start":{"line":7,"column":25},"end":{"line":17,"column":3}},"3":{"start":{"line":19,"column":2},"end":{"line":23,"column":5}},"4":{"start":{"line":20,"column":4},"end":{"line":22,"column":5}},"5":{"start":{"line":21,"column":6},"end":{"line":21,"column":45}},"6":{"start":{"line":26,"column":2},"end":{"line":28,"column":3}},"7":{"start":{"line":27,"column":4},"end":{"line":27,"column":59}},"8":{"start":{"line":31,"column":2},"end":{"line":43,"column":3}},"9":{"start":{"line":32,"column":27},"end":{"line":34,"column":5}},"10":{"start":{"line":33,"column":6},"end":{"line":33,"column":46}},"11":{"start":{"line":36,"column":27},"end":{"line":38,"column":5}},"12":{"start":{"line":37,"column":15},"end":{"line":37,"column":54}},"13":{"start":{"line":40,"column":4},"end":{"line":42,"column":5}},"14":{"start":{"line":41,"column":6},"end":{"line":41,"column":81}},"15":{"start":{"line":46,"column":2},"end":{"line":48,"column":3}},"16":{"start":{"line":47,"column":4},"end":{"line":47,"column":67}},"17":{"start":{"line":51,"column":23},"end":{"line":51,"column":41}},"18":{"start":{"line":52,"column":2},"end":{"line":54,"column":3}},"19":{"start":{"line":53,"column":4},"end":{"line":53,"column":42}},"20":{"start":{"line":57,"column":2},"end":{"line":71,"column":3}},"21":{"start":{"line":58,"column":18},"end":{"line":58,"column":28}},"22":{"start":{"line":59,"column":4},"end":{"line":59,"column":31}},"23":{"start":{"line":61,"column":22},"end":{"line":61,"column":51}},"24":{"start":{"line":62,"column":4},"end":{"line":62,"column":35}},"25":{"start":{"line":64,"column":21},"end":{"line":64,"column":64}},"26":{"start":{"line":66,"column":4},"end":{"line":70,"column":5}},"27":{"start":{"line":67,"column":6},"end":{"line":67,"column":61}},"28":{"start":{"line":68,"column":11},"end":{"line":70,"column":5}},"29":{"start":{"line":69,"column":6},"end":{"line":69,"column":85}},"30":{"start":{"line":73,"column":2},"end":{"line":73,"column":16}},"31":{"start":{"line":77,"column":43},"end":{"line":126,"column":1}},"32":{"start":{"line":78,"column":17},"end":{"line":78,"column":19}},"33":{"start":{"line":81,"column":25},"end":{"line":91,"column":3}},"34":{"start":{"line":93,"column":2},"end":{"line":97,"column":5}},"35":{"start":{"line":94,"column":4},"end":{"line":96,"column":5}},"36":{"start":{"line":95,"column":6},"end":{"line":95,"column":45}},"37":{"start":{"line":100,"column":2},"end":{"line":104,"column":3}},"38":{"start":{"line":101,"column":4},"end":{"line":103,"column":5}},"39":{"start":{"line":102,"column":6},"end":{"line":102,"column":61}},"40":{"start":{"line":107,"column":2},"end":{"line":109,"column":3}},"41":{"start":{"line":108,"column":4},"end":{"line":108,"column":75}},"42":{"start":{"line":112,"column":2},"end":{"line":123,"column":3}},"43":{"start":{"line":113,"column":25},"end":{"line":113,"column":54}},"44":{"start":{"line":114,"column":18},"end":{"line":114,"column":28}},"45":{"start":{"line":115,"column":4},"end":{"line":115,"column":31}},"46":{"start":{"line":117,"column":20},"end":{"line":117,"column":35}},"47":{"start":{"line":118,"column":4},"end":{"line":118,"column":41}},"48":{"start":{"line":120,"column":4},"end":{"line":122,"column":5}},"49":{"start":{"line":121,"column":6},"end":{"line":121,"column":88}},"50":{"start":{"line":125,"column":2},"end":{"line":125,"column":16}}},"fnMap":{"0":{"name":"(anonymous_0)","decl":{"start":{"line":3,"column":43},"end":{"line":3,"column":44}},"loc":{"start":{"line":3,"column":78},"end":{"line":74,"column":1}},"line":3},"1":{"name":"(anonymous_1)","decl":{"start":{"line":19,"column":25},"end":{"line":19,"column":26}},"loc":{"start":{"line":19,"column":36},"end":{"line":23,"column":3}},"line":19},"2":{"name":"(anonymous_2)","decl":{"start":{"line":32,"column":53},"end":{"line":32,"column":54}},"loc":{"start":{"line":33,"column":6},"end":{"line":33,"column":46}},"line":33},"3":{"name":"(anonymous_3)","decl":{"start":{"line":37,"column":6},"end":{"line":37,"column":7}},"loc":{"start":{"line":37,"column":15},"end":{"line":37,"column":54}},"line":37},"4":{"name":"(anonymous_4)","decl":{"start":{"line":77,"column":43},"end":{"line":77,"column":44}},"loc":{"start":{"line":77,"column":53},"end":{"line":126,"column":1}},"line":77},"5":{"name":"(anonymous_5)","decl":{"start":{"line":93,"column":25},"end":{"line":93,"column":26}},"loc":{"start":{"line":93,"column":36},"end":{"line":97,"column":3}},"line":93}},"branchMap":{"0":{"loc":{"start":{"line":3,"column":50},"end":{"line":3,"column":73}},"type":"default-arg","locations":[{"start":{"line":3,"column":71},"end":{"line":3,"column":73}}],"line":3},"1":{"loc":{"start":{"line":20,"column":4},"end":{"line":22,"column":5}},"type":"if","locations":[{"start":{"line":20,"column":4},"end":{"line":22,"column":5}},{"start":{},"end":{}}],"line":20},"2":{"loc":{"start":{"line":20,"column":8},"end":{"line":20,"column":60}},"type":"binary-expr","locations":[{"start":{"line":20,"column":8},"end":{"line":20,"column":20}},{"start":{"line":20,"column":24},"end":{"line":20,"column":60}}],"line":20},"3":{"loc":{"start":{"line":26,"column":2},"end":{"line":28,"column":3}},"type":"if","locations":[{"start":{"line":26,"column":2},"end":{"line":28,"column":3}},{"start":{},"end":{}}],"line":26},"4":{"loc":{"start":{"line":26,"column":6},"end":{"line":26,"column":83}},"type":"binary-expr","locations":[{"start":{"line":26,"column":6},"end":{"line":26,"column":19}},{"start":{"line":26,"column":24},"end":{"line":26,"column":52}},{"start":{"line":26,"column":56},"end":{"line":26,"column":82}}],"line":26},"5":{"loc":{"start":{"line":31,"column":2},"end":{"line":43,"column":3}},"type":"if","locations":[{"start":{"line":31,"column":2},"end":{"line":43,"column":3}},{"start":{},"end":{}}],"line":31},"6":{"loc":{"start":{"line":31,"column":6},"end":{"line":31,"column":42}},"type":"binary-expr","locations":[{"start":{"line":31,"column":6},"end":{"line":31,"column":21}},{"start":{"line":31,"column":25},"end":{"line":31,"column":42}}],"line":31},"7":{"loc":{"start":{"line":40,"column":4},"end":{"line":42,"column":5}},"type":"if","locations":[{"start":{"line":40,"column":4},"end":{"line":42,"column":5}},{"start":{},"end":{}}],"line":40},"8":{"loc":{"start":{"line":46,"column":2},"end":{"line":48,"column":3}},"type":"if","locations":[{"start":{"line":46,"column":2},"end":{"line":48,"column":3}},{"start":{},"end":{}}],"line":46},"9":{"loc":{"start":{"line":46,"column":6},"end":{"line":46,"column":83}},"type":"binary-expr","locations":[{"start":{"line":46,"column":6},"end":{"line":46,"column":23}},{"start":{"line":46,"column":27},"end":{"line":46,"column":42}},{"start":{"line":46,"column":46},"end":{"line":46,"column":83}}],"line":46},"10":{"loc":{"start":{"line":52,"column":2},"end":{"line":54,"column":3}},"type":"if","locations":[{"start":{"line":52,"column":2},"end":{"line":54,"column":3}},{"start":{},"end":{}}],"line":52},"11":{"loc":{"start":{"line":52,"column":6},"end":{"line":52,"column":52}},"type":"binary-expr","locations":[{"start":{"line":52,"column":6},"end":{"line":52,"column":15}},{"start":{"line":52,"column":19},"end":{"line":52,"column":52}}],"line":52},"12":{"loc":{"start":{"line":57,"column":2},"end":{"line":71,"column":3}},"type":"if","locations":[{"start":{"line":57,"column":2},"end":{"line":71,"column":3}},{"start":{},"end":{}}],"line":57},"13":{"loc":{"start":{"line":66,"column":4},"end":{"line":70,"column":5}},"type":"if","locations":[{"start":{"line":66,"column":4},"end":{"line":70,"column":5}},{"start":{"line":68,"column":11},"end":{"line":70,"column":5}}],"line":66},"14":{"loc":{"start":{"line":68,"column":11},"end":{"line":70,"column":5}},"type":"if","locations":[{"start":{"line":68,"column":11},"end":{"line":70,"column":5}},{"start":{},"end":{}}],"line":68},"15":{"loc":{"start":{"line":94,"column":4},"end":{"line":96,"column":5}},"type":"if","locations":[{"start":{"line":94,"column":4},"end":{"line":96,"column":5}},{"start":{},"end":{}}],"line":94},"16":{"loc":{"start":{"line":94,"column":8},"end":{"line":94,"column":60}},"type":"binary-expr","locations":[{"start":{"line":94,"column":8},"end":{"line":94,"column":20}},{"start":{"line":94,"column":24},"end":{"line":94,"column":60}}],"line":94},"17":{"loc":{"start":{"line":100,"column":2},"end":{"line":104,"column":3}},"type":"if","locations":[{"start":{"line":100,"column":2},"end":{"line":104,"column":3}},{"start":{},"end":{}}],"line":100},"18":{"loc":{"start":{"line":101,"column":4},"end":{"line":103,"column":5}},"type":"if","locations":[{"start":{"line":101,"column":4},"end":{"line":103,"column":5}},{"start":{},"end":{}}],"line":101},"19":{"loc":{"start":{"line":101,"column":8},"end":{"line":101,"column":58}},"type":"binary-expr","locations":[{"start":{"line":101,"column":8},"end":{"line":101,"column":28}},{"start":{"line":101,"column":32},"end":{"line":101,"column":58}}],"line":101},"20":{"loc":{"start":{"line":107,"column":2},"end":{"line":109,"column":3}},"type":"if","locations":[{"start":{"line":107,"column":2},"end":{"line":109,"column":3}},{"start":{},"end":{}}],"line":107},"21":{"loc":{"start":{"line":107,"column":6},"end":{"line":107,"column":83}},"type":"binary-expr","locations":[{"start":{"line":107,"column":6},"end":{"line":107,"column":23}},{"start":{"line":107,"column":27},"end":{"line":107,"column":42}},{"start":{"line":107,"column":46},"end":{"line":107,"column":83}}],"line":107},"22":{"loc":{"start":{"line":112,"column":2},"end":{"line":123,"column":3}},"type":"if","locations":[{"start":{"line":112,"column":2},"end":{"line":123,"column":3}},{"start":{},"end":{}}],"line":112},"23":{"loc":{"start":{"line":112,"column":6},"end":{"line":112,"column":57}},"type":"binary-expr","locations":[{"start":{"line":112,"column":6},"end":{"line":112,"column":25}},{"start":{"line":112,"column":29},"end":{"line":112,"column":57}}],"line":112},"24":{"loc":{"start":{"line":120,"column":4},"end":{"line":122,"column":5}},"type":"if","locations":[{"start":{"line":120,"column":4},"end":{"line":122,"column":5}},{"start":{},"end":{}}],"line":120},"25":{"loc":{"start":{"line":120,"column":8},"end":{"line":120,"column":54}},"type":"binary-expr","locations":[{"start":{"line":120,"column":8},"end":{"line":120,"column":30}},{"start":{"line":120,"column":34},"end":{"line":120,"column":54}}],"line":120}},"s":{"0":0,"1":0,"2":0,"3":0,"4":0,"5":0,"6":0,"7":0,"8":0,"9":0,"10":0,"11":0,"12":0,"13":0,"14":0,"15":0,"16":0,"17":0,"18":0,"19":0,"20":0,"21":0,"22":0,"23":0,"24":0,"25":0,"26":0,"27":0,"28":0,"29":0,"30":0,"31":0,"32":0,"33":0,"34":0,"35":0,"36":0,"37":0,"38":0,"39":0,"40":0,"41":0,"42":0,"43":0,"44":0,"45":0,"46":0,"47":0,"48":0,"49":0,"50":0},"f":{"0":0,"1":0,"2":0,"3":0,"4":0,"5":0},"b":{"0":[0],"1":[0,0],"2":[0,0],"3":[0,0],"4":[0,0,0],"5":[0,0],"6":[0,0],"7":[0,0],"8":[0,0],"9":[0,0,0],"10":[0,0],"11":[0,0],"12":[0,0],"13":[0,0],"14":[0,0],"15":[0,0],"16":[0,0],"17":[0,0],"18":[0,0],"19":[0,0],"20":[0,0],"21":[0,0,0],"22":[0,0],"23":[0,0],"24":[0,0],"25":[0,0]}}
,"/app/modules/warehouse-manager/validators/transferRequestValidator.js": {"path":"/app/modules/warehouse-manager/validators/transferRequestValidator.js","statementMap":{"0":{"start":{"line":3,"column":45},"end":{"line":31,"column":1}},"1":{"start":{"line":4,"column":17},"end":{"line":4,"column":19}},"2":{"start":{"line":7,"column":25},"end":{"line":7,"column":105}},"3":{"start":{"line":8,"column":2},"end":{"line":12,"column":5}},"4":{"start":{"line":9,"column":4},"end":{"line":11,"column":5}},"5":{"start":{"line":10,"column":6},"end":{"line":10,"column":45}},"6":{"start":{"line":15,"column":2},"end":{"line":17,"column":3}},"7":{"start":{"line":16,"column":4},"end":{"line":16,"column":59}},"8":{"start":{"line":20,"column":2},"end":{"line":28,"column":3}},"9":{"start":{"line":21,"column":18},"end":{"line":21,"column":28}},"10":{"start":{"line":22,"column":4},"end":{"line":22,"column":31}},"11":{"start":{"line":23,"column":20},"end":{"line":23,"column":45}},"12":{"start":{"line":25,"column":4},"end":{"line":27,"column":5}},"13":{"start":{"line":26,"column":6},"end":{"line":26,"column":67}},"14":{"start":{"line":30,"column":2},"end":{"line":30,"column":16}},"15":{"start":{"line":33,"column":45},"end":{"line":69,"column":1}},"16":{"start":{"line":34,"column":17},"end":{"line":34,"column":19}},"17":{"start":{"line":37,"column":25},"end":{"line":44,"column":3}},"18":{"start":{"line":46,"column":2},"end":{"line":50,"column":5}},"19":{"start":{"line":47,"column":4},"end":{"line":49,"column":5}},"20":{"start":{"line":48,"column":6},"end":{"line":48,"column":45}},"21":{"start":{"line":53,"column":2},"end":{"line":55,"column":3}},"22":{"start":{"line":54,"column":4},"end":{"line":54,"column":59}},"23":{"start":{"line":58,"column":2},"end":{"line":66,"column":3}},"24":{"start":{"line":59,"column":18},"end":{"line":59,"column":28}},"25":{"start":{"line":60,"column":4},"end":{"line":60,"column":31}},"26":{"start":{"line":61,"column":20},"end":{"line":61,"column":45}},"27":{"start":{"line":63,"column":4},"end":{"line":65,"column":5}},"28":{"start":{"line":64,"column":6},"end":{"line":64,"column":67}},"29":{"start":{"line":68,"column":2},"end":{"line":68,"column":16}}},"fnMap":{"0":{"name":"(anonymous_0)","decl":{"start":{"line":3,"column":45},"end":{"line":3,"column":46}},"loc":{"start":{"line":3,"column":55},"end":{"line":31,"column":1}},"line":3},"1":{"name":"(anonymous_1)","decl":{"start":{"line":8,"column":25},"end":{"line":8,"column":26}},"loc":{"start":{"line":8,"column":36},"end":{"line":12,"column":3}},"line":8},"2":{"name":"(anonymous_2)","decl":{"start":{"line":33,"column":45},"end":{"line":33,"column":46}},"loc":{"start":{"line":33,"column":55},"end":{"line":69,"column":1}},"line":33},"3":{"name":"(anonymous_3)","decl":{"start":{"line":46,"column":25},"end":{"line":46,"column":26}},"loc":{"start":{"line":46,"column":36},"end":{"line":50,"column":3}},"line":46}},"branchMap":{"0":{"loc":{"start":{"line":9,"column":4},"end":{"line":11,"column":5}},"type":"if","locations":[{"start":{"line":9,"column":4},"end":{"line":11,"column":5}},{"start":{},"end":{}}],"line":9},"1":{"loc":{"start":{"line":9,"column":8},"end":{"line":9,"column":60}},"type":"binary-expr","locations":[{"start":{"line":9,"column":8},"end":{"line":9,"column":20}},{"start":{"line":9,"column":24},"end":{"line":9,"column":60}}],"line":9},"2":{"loc":{"start":{"line":15,"column":2},"end":{"line":17,"column":3}},"type":"if","locations":[{"start":{"line":15,"column":2},"end":{"line":17,"column":3}},{"start":{},"end":{}}],"line":15},"3":{"loc":{"start":{"line":15,"column":6},"end":{"line":15,"column":75}},"type":"binary-expr","locations":[{"start":{"line":15,"column":6},"end":{"line":15,"column":19}},{"start":{"line":15,"column":24},"end":{"line":15,"column":44}},{"start":{"line":15,"column":48},"end":{"line":15,"column":74}}],"line":15},"4":{"loc":{"start":{"line":20,"column":2},"end":{"line":28,"column":3}},"type":"if","locations":[{"start":{"line":20,"column":2},"end":{"line":28,"column":3}},{"start":{},"end":{}}],"line":20},"5":{"loc":{"start":{"line":25,"column":4},"end":{"line":27,"column":5}},"type":"if","locations":[{"start":{"line":25,"column":4},"end":{"line":27,"column":5}},{"start":{},"end":{}}],"line":25},"6":{"loc":{"start":{"line":47,"column":4},"end":{"line":49,"column":5}},"type":"if","locations":[{"start":{"line":47,"column":4},"end":{"line":49,"column":5}},{"start":{},"end":{}}],"line":47},"7":{"loc":{"start":{"line":47,"column":8},"end":{"line":47,"column":60}},"type":"binary-expr","locations":[{"start":{"line":47,"column":8},"end":{"line":47,"column":20}},{"start":{"line":47,"column":24},"end":{"line":47,"column":60}}],"line":47},"8":{"loc":{"start":{"line":53,"column":2},"end":{"line":55,"column":3}},"type":"if","locations":[{"start":{"line":53,"column":2},"end":{"line":55,"column":3}},{"start":{},"end":{}}],"line":53},"9":{"loc":{"start":{"line":53,"column":6},"end":{"line":53,"column":75}},"type":"binary-expr","locations":[{"start":{"line":53,"column":6},"end":{"line":53,"column":19}},{"start":{"line":53,"column":24},"end":{"line":53,"column":44}},{"start":{"line":53,"column":48},"end":{"line":53,"column":74}}],"line":53},"10":{"loc":{"start":{"line":58,"column":2},"end":{"line":66,"column":3}},"type":"if","locations":[{"start":{"line":58,"column":2},"end":{"line":66,"column":3}},{"start":{},"end":{}}],"line":58},"11":{"loc":{"start":{"line":63,"column":4},"end":{"line":65,"column":5}},"type":"if","locations":[{"start":{"line":63,"column":4},"end":{"line":65,"column":5}},{"start":{},"end":{}}],"line":63}},"s":{"0":0,"1":0,"2":0,"3":0,"4":0,"5":0,"6":0,"7":0,"8":0,"9":0,"10":0,"11":0,"12":0,"13":0,"14":0,"15":0,"16":0,"17":0,"18":0,"19":0,"20":0,"21":0,"22":0,"23":0,"24":0,"25":0,"26":0,"27":0,"28":0,"29":0},"f":{"0":0,"1":0,"2":0,"3":0},"b":{"0":[0,0],"1":[0,0],"2":[0,0],"3":[0,0,0],"4":[0,0],"5":[0,0],"6":[0,0],"7":[0,0],"8":[0,0],"9":[0,0,0],"10":[0,0],"11":[0,0]}}
}
